[2023-12-08 11:01:37] local.ERROR: Cannot redeclare classAckTestOpen() (previously declared in D:\wamp\www\lms\app\helpers.php:5) {"exception":"[object] (Symfony\\Component\\ErrorHandler\\Error\\FatalError(code: 0): Cannot redeclare classAckTestOpen() (previously declared in D:\\wamp\\www\\lms\\app\\helpers.php:5) at D:\\wamp\\www\\lms\\app\\helpers.php:5)
[stacktrace]
#0 {main}
"} 
[2023-12-08 11:02:16] local.ERROR: Cannot redeclare classAckTestOpen() (previously declared in D:\wamp\www\lms\app\helpers.php:5) {"exception":"[object] (Symfony\\Component\\ErrorHandler\\Error\\FatalError(code: 0): Cannot redeclare classAckTestOpen() (previously declared in D:\\wamp\\www\\lms\\app\\helpers.php:5) at D:\\wamp\\www\\lms\\app\\helpers.php:5)
[stacktrace]
#0 {main}
"} 
[2023-12-08 11:03:17] local.ERROR: Cannot redeclare classAckTestOpen() (previously declared in D:\wamp\www\lms\app\helpers.php:5) {"exception":"[object] (Symfony\\Component\\ErrorHandler\\Error\\FatalError(code: 0): Cannot redeclare classAckTestOpen() (previously declared in D:\\wamp\\www\\lms\\app\\helpers.php:5) at D:\\wamp\\www\\lms\\app\\helpers.php:5)
[stacktrace]
#0 {main}
"} 
[2023-12-08 11:04:19] local.ERROR: Cannot redeclare classAckTestOpen() (previously declared in D:\wamp\www\lms\app\helpers.php:5) {"exception":"[object] (Symfony\\Component\\ErrorHandler\\Error\\FatalError(code: 0): Cannot redeclare classAckTestOpen() (previously declared in D:\\wamp\\www\\lms\\app\\helpers.php:5) at D:\\wamp\\www\\lms\\app\\helpers.php:5)
[stacktrace]
#0 {main}
"} 
[2023-12-08 11:05:16] local.ERROR: Cannot redeclare classAckTestOpen() (previously declared in D:\wamp\www\lms\app\helpers.php:5) {"exception":"[object] (Symfony\\Component\\ErrorHandler\\Error\\FatalError(code: 0): Cannot redeclare classAckTestOpen() (previously declared in D:\\wamp\\www\\lms\\app\\helpers.php:5) at D:\\wamp\\www\\lms\\app\\helpers.php:5)
[stacktrace]
#0 {main}
"} 
[2023-12-08 11:06:17] local.ERROR: Cannot redeclare classAckTestOpen() (previously declared in D:\wamp\www\lms\app\helpers.php:5) {"exception":"[object] (Symfony\\Component\\ErrorHandler\\Error\\FatalError(code: 0): Cannot redeclare classAckTestOpen() (previously declared in D:\\wamp\\www\\lms\\app\\helpers.php:5) at D:\\wamp\\www\\lms\\app\\helpers.php:5)
[stacktrace]
#0 {main}
"} 
[2023-12-08 11:07:18] local.ERROR: Cannot redeclare classAckTestOpen() (previously declared in D:\wamp\www\lms\app\helpers.php:5) {"exception":"[object] (Symfony\\Component\\ErrorHandler\\Error\\FatalError(code: 0): Cannot redeclare classAckTestOpen() (previously declared in D:\\wamp\\www\\lms\\app\\helpers.php:5) at D:\\wamp\\www\\lms\\app\\helpers.php:5)
[stacktrace]
#0 {main}
"} 
[2023-12-08 11:08:16] local.ERROR: Cannot redeclare classAckTestOpen() (previously declared in D:\wamp\www\lms\app\helpers.php:5) {"exception":"[object] (Symfony\\Component\\ErrorHandler\\Error\\FatalError(code: 0): Cannot redeclare classAckTestOpen() (previously declared in D:\\wamp\\www\\lms\\app\\helpers.php:5) at D:\\wamp\\www\\lms\\app\\helpers.php:5)
[stacktrace]
#0 {main}
"} 
[2023-12-08 11:09:20] local.ERROR: Cannot redeclare classAckTestOpen() (previously declared in D:\wamp\www\lms\app\helpers.php:5) {"exception":"[object] (Symfony\\Component\\ErrorHandler\\Error\\FatalError(code: 0): Cannot redeclare classAckTestOpen() (previously declared in D:\\wamp\\www\\lms\\app\\helpers.php:5) at D:\\wamp\\www\\lms\\app\\helpers.php:5)
[stacktrace]
#0 {main}
"} 
[2023-12-08 11:10:16] local.ERROR: Cannot redeclare classAckTestOpen() (previously declared in D:\wamp\www\lms\app\helpers.php:5) {"exception":"[object] (Symfony\\Component\\ErrorHandler\\Error\\FatalError(code: 0): Cannot redeclare classAckTestOpen() (previously declared in D:\\wamp\\www\\lms\\app\\helpers.php:5) at D:\\wamp\\www\\lms\\app\\helpers.php:5)
[stacktrace]
#0 {main}
"} 
[2023-12-08 11:11:16] local.ERROR: Cannot redeclare classAckTestOpen() (previously declared in D:\wamp\www\lms\app\helpers.php:5) {"exception":"[object] (Symfony\\Component\\ErrorHandler\\Error\\FatalError(code: 0): Cannot redeclare classAckTestOpen() (previously declared in D:\\wamp\\www\\lms\\app\\helpers.php:5) at D:\\wamp\\www\\lms\\app\\helpers.php:5)
[stacktrace]
#0 {main}
"} 
[2023-12-08 11:12:16] local.ERROR: Cannot redeclare classAckTestOpen() (previously declared in D:\wamp\www\lms\app\helpers.php:5) {"exception":"[object] (Symfony\\Component\\ErrorHandler\\Error\\FatalError(code: 0): Cannot redeclare classAckTestOpen() (previously declared in D:\\wamp\\www\\lms\\app\\helpers.php:5) at D:\\wamp\\www\\lms\\app\\helpers.php:5)
[stacktrace]
#0 {main}
"} 
[2023-12-08 11:13:17] local.ERROR: Cannot redeclare classAckTestOpen() (previously declared in D:\wamp\www\lms\app\helpers.php:5) {"exception":"[object] (Symfony\\Component\\ErrorHandler\\Error\\FatalError(code: 0): Cannot redeclare classAckTestOpen() (previously declared in D:\\wamp\\www\\lms\\app\\helpers.php:5) at D:\\wamp\\www\\lms\\app\\helpers.php:5)
[stacktrace]
#0 {main}
"} 
[2023-12-08 11:14:19] local.ERROR: Cannot redeclare classAckTestOpen() (previously declared in D:\wamp\www\lms\app\helpers.php:5) {"exception":"[object] (Symfony\\Component\\ErrorHandler\\Error\\FatalError(code: 0): Cannot redeclare classAckTestOpen() (previously declared in D:\\wamp\\www\\lms\\app\\helpers.php:5) at D:\\wamp\\www\\lms\\app\\helpers.php:5)
[stacktrace]
#0 {main}
"} 
[2023-12-08 11:15:16] local.ERROR: Cannot redeclare classAckTestOpen() (previously declared in D:\wamp\www\lms\app\helpers.php:5) {"exception":"[object] (Symfony\\Component\\ErrorHandler\\Error\\FatalError(code: 0): Cannot redeclare classAckTestOpen() (previously declared in D:\\wamp\\www\\lms\\app\\helpers.php:5) at D:\\wamp\\www\\lms\\app\\helpers.php:5)
[stacktrace]
#0 {main}
"} 
[2023-12-08 11:16:16] local.ERROR: Cannot redeclare classAckTestOpen() (previously declared in D:\wamp\www\lms\app\helpers.php:5) {"exception":"[object] (Symfony\\Component\\ErrorHandler\\Error\\FatalError(code: 0): Cannot redeclare classAckTestOpen() (previously declared in D:\\wamp\\www\\lms\\app\\helpers.php:5) at D:\\wamp\\www\\lms\\app\\helpers.php:5)
[stacktrace]
#0 {main}
"} 
[2023-12-08 11:17:17] local.ERROR: Cannot redeclare classAckTestOpen() (previously declared in D:\wamp\www\lms\app\helpers.php:5) {"exception":"[object] (Symfony\\Component\\ErrorHandler\\Error\\FatalError(code: 0): Cannot redeclare classAckTestOpen() (previously declared in D:\\wamp\\www\\lms\\app\\helpers.php:5) at D:\\wamp\\www\\lms\\app\\helpers.php:5)
[stacktrace]
#0 {main}
"} 
[2023-12-08 11:18:19] local.ERROR: Cannot redeclare classAckTestOpen() (previously declared in D:\wamp\www\lms\app\helpers.php:5) {"exception":"[object] (Symfony\\Component\\ErrorHandler\\Error\\FatalError(code: 0): Cannot redeclare classAckTestOpen() (previously declared in D:\\wamp\\www\\lms\\app\\helpers.php:5) at D:\\wamp\\www\\lms\\app\\helpers.php:5)
[stacktrace]
#0 {main}
"} 
[2023-12-08 11:19:16] local.ERROR: Cannot redeclare classAckTestOpen() (previously declared in D:\wamp\www\lms\app\helpers.php:5) {"exception":"[object] (Symfony\\Component\\ErrorHandler\\Error\\FatalError(code: 0): Cannot redeclare classAckTestOpen() (previously declared in D:\\wamp\\www\\lms\\app\\helpers.php:5) at D:\\wamp\\www\\lms\\app\\helpers.php:5)
[stacktrace]
#0 {main}
"} 
[2023-12-08 11:20:20] local.ERROR: Cannot redeclare classAckTestOpen() (previously declared in D:\wamp\www\lms\app\helpers.php:5) {"exception":"[object] (Symfony\\Component\\ErrorHandler\\Error\\FatalError(code: 0): Cannot redeclare classAckTestOpen() (previously declared in D:\\wamp\\www\\lms\\app\\helpers.php:5) at D:\\wamp\\www\\lms\\app\\helpers.php:5)
[stacktrace]
#0 {main}
"} 
[2023-12-08 11:21:16] local.ERROR: Cannot redeclare classAckTestOpen() (previously declared in D:\wamp\www\lms\app\helpers.php:5) {"exception":"[object] (Symfony\\Component\\ErrorHandler\\Error\\FatalError(code: 0): Cannot redeclare classAckTestOpen() (previously declared in D:\\wamp\\www\\lms\\app\\helpers.php:5) at D:\\wamp\\www\\lms\\app\\helpers.php:5)
[stacktrace]
#0 {main}
"} 
[2023-12-08 11:22:17] local.ERROR: Cannot redeclare classAckTestOpen() (previously declared in D:\wamp\www\lms\app\helpers.php:5) {"exception":"[object] (Symfony\\Component\\ErrorHandler\\Error\\FatalError(code: 0): Cannot redeclare classAckTestOpen() (previously declared in D:\\wamp\\www\\lms\\app\\helpers.php:5) at D:\\wamp\\www\\lms\\app\\helpers.php:5)
[stacktrace]
#0 {main}
"} 
[2023-12-08 11:23:19] local.ERROR: Cannot redeclare classAckTestOpen() (previously declared in D:\wamp\www\lms\app\helpers.php:5) {"exception":"[object] (Symfony\\Component\\ErrorHandler\\Error\\FatalError(code: 0): Cannot redeclare classAckTestOpen() (previously declared in D:\\wamp\\www\\lms\\app\\helpers.php:5) at D:\\wamp\\www\\lms\\app\\helpers.php:5)
[stacktrace]
#0 {main}
"} 
[2023-12-08 11:24:17] local.ERROR: Cannot redeclare classAckTestOpen() (previously declared in D:\wamp\www\lms\app\helpers.php:5) {"exception":"[object] (Symfony\\Component\\ErrorHandler\\Error\\FatalError(code: 0): Cannot redeclare classAckTestOpen() (previously declared in D:\\wamp\\www\\lms\\app\\helpers.php:5) at D:\\wamp\\www\\lms\\app\\helpers.php:5)
[stacktrace]
#0 {main}
"} 
[2023-12-08 11:25:16] local.ERROR: Cannot redeclare classAckTestOpen() (previously declared in D:\wamp\www\lms\app\helpers.php:5) {"exception":"[object] (Symfony\\Component\\ErrorHandler\\Error\\FatalError(code: 0): Cannot redeclare classAckTestOpen() (previously declared in D:\\wamp\\www\\lms\\app\\helpers.php:5) at D:\\wamp\\www\\lms\\app\\helpers.php:5)
[stacktrace]
#0 {main}
"} 
[2023-12-08 11:26:20] local.ERROR: Cannot redeclare classAckTestOpen() (previously declared in D:\wamp\www\lms\app\helpers.php:5) {"exception":"[object] (Symfony\\Component\\ErrorHandler\\Error\\FatalError(code: 0): Cannot redeclare classAckTestOpen() (previously declared in D:\\wamp\\www\\lms\\app\\helpers.php:5) at D:\\wamp\\www\\lms\\app\\helpers.php:5)
[stacktrace]
#0 {main}
"} 
[2023-12-08 11:27:17] local.ERROR: Cannot redeclare classAckTestOpen() (previously declared in D:\wamp\www\lms\app\helpers.php:5) {"exception":"[object] (Symfony\\Component\\ErrorHandler\\Error\\FatalError(code: 0): Cannot redeclare classAckTestOpen() (previously declared in D:\\wamp\\www\\lms\\app\\helpers.php:5) at D:\\wamp\\www\\lms\\app\\helpers.php:5)
[stacktrace]
#0 {main}
"} 
[2023-12-08 11:28:17] local.ERROR: Cannot redeclare classAckTestOpen() (previously declared in D:\wamp\www\lms\app\helpers.php:5) {"exception":"[object] (Symfony\\Component\\ErrorHandler\\Error\\FatalError(code: 0): Cannot redeclare classAckTestOpen() (previously declared in D:\\wamp\\www\\lms\\app\\helpers.php:5) at D:\\wamp\\www\\lms\\app\\helpers.php:5)
[stacktrace]
#0 {main}
"} 
[2023-12-08 11:29:20] local.ERROR: Cannot redeclare classAckTestOpen() (previously declared in D:\wamp\www\lms\app\helpers.php:5) {"exception":"[object] (Symfony\\Component\\ErrorHandler\\Error\\FatalError(code: 0): Cannot redeclare classAckTestOpen() (previously declared in D:\\wamp\\www\\lms\\app\\helpers.php:5) at D:\\wamp\\www\\lms\\app\\helpers.php:5)
[stacktrace]
#0 {main}
"} 
[2023-12-08 11:30:17] local.ERROR: Cannot redeclare classAckTestOpen() (previously declared in D:\wamp\www\lms\app\helpers.php:5) {"exception":"[object] (Symfony\\Component\\ErrorHandler\\Error\\FatalError(code: 0): Cannot redeclare classAckTestOpen() (previously declared in D:\\wamp\\www\\lms\\app\\helpers.php:5) at D:\\wamp\\www\\lms\\app\\helpers.php:5)
[stacktrace]
#0 {main}
"} 
[2023-12-08 11:31:17] local.ERROR: Cannot redeclare classAckTestOpen() (previously declared in D:\wamp\www\lms\app\helpers.php:5) {"exception":"[object] (Symfony\\Component\\ErrorHandler\\Error\\FatalError(code: 0): Cannot redeclare classAckTestOpen() (previously declared in D:\\wamp\\www\\lms\\app\\helpers.php:5) at D:\\wamp\\www\\lms\\app\\helpers.php:5)
[stacktrace]
#0 {main}
"} 
[2023-12-08 11:32:17] local.ERROR: Cannot redeclare classAckTestOpen() (previously declared in D:\wamp\www\lms\app\helpers.php:5) {"exception":"[object] (Symfony\\Component\\ErrorHandler\\Error\\FatalError(code: 0): Cannot redeclare classAckTestOpen() (previously declared in D:\\wamp\\www\\lms\\app\\helpers.php:5) at D:\\wamp\\www\\lms\\app\\helpers.php:5)
[stacktrace]
#0 {main}
"} 
[2023-12-08 11:33:17] local.ERROR: Cannot redeclare classAckTestOpen() (previously declared in D:\wamp\www\lms\app\helpers.php:5) {"exception":"[object] (Symfony\\Component\\ErrorHandler\\Error\\FatalError(code: 0): Cannot redeclare classAckTestOpen() (previously declared in D:\\wamp\\www\\lms\\app\\helpers.php:5) at D:\\wamp\\www\\lms\\app\\helpers.php:5)
[stacktrace]
#0 {main}
"} 
[2023-12-08 11:34:18] local.ERROR: Cannot redeclare classAckTestOpen() (previously declared in D:\wamp\www\lms\app\helpers.php:5) {"exception":"[object] (Symfony\\Component\\ErrorHandler\\Error\\FatalError(code: 0): Cannot redeclare classAckTestOpen() (previously declared in D:\\wamp\\www\\lms\\app\\helpers.php:5) at D:\\wamp\\www\\lms\\app\\helpers.php:5)
[stacktrace]
#0 {main}
"} 
[2023-12-08 11:35:19] local.ERROR: Cannot redeclare classAckTestOpen() (previously declared in D:\wamp\www\lms\app\helpers.php:5) {"exception":"[object] (Symfony\\Component\\ErrorHandler\\Error\\FatalError(code: 0): Cannot redeclare classAckTestOpen() (previously declared in D:\\wamp\\www\\lms\\app\\helpers.php:5) at D:\\wamp\\www\\lms\\app\\helpers.php:5)
[stacktrace]
#0 {main}
"} 
[2023-12-08 11:36:17] local.ERROR: Cannot redeclare classAckTestOpen() (previously declared in D:\wamp\www\lms\app\helpers.php:5) {"exception":"[object] (Symfony\\Component\\ErrorHandler\\Error\\FatalError(code: 0): Cannot redeclare classAckTestOpen() (previously declared in D:\\wamp\\www\\lms\\app\\helpers.php:5) at D:\\wamp\\www\\lms\\app\\helpers.php:5)
[stacktrace]
#0 {main}
"} 
[2023-12-08 11:37:19] local.ERROR: Cannot redeclare classAckTestOpen() (previously declared in D:\wamp\www\lms\app\helpers.php:5) {"exception":"[object] (Symfony\\Component\\ErrorHandler\\Error\\FatalError(code: 0): Cannot redeclare classAckTestOpen() (previously declared in D:\\wamp\\www\\lms\\app\\helpers.php:5) at D:\\wamp\\www\\lms\\app\\helpers.php:5)
[stacktrace]
#0 {main}
"} 
[2023-12-08 11:38:18] local.ERROR: Cannot redeclare classAckTestOpen() (previously declared in D:\wamp\www\lms\app\helpers.php:5) {"exception":"[object] (Symfony\\Component\\ErrorHandler\\Error\\FatalError(code: 0): Cannot redeclare classAckTestOpen() (previously declared in D:\\wamp\\www\\lms\\app\\helpers.php:5) at D:\\wamp\\www\\lms\\app\\helpers.php:5)
[stacktrace]
#0 {main}
"} 
[2023-12-08 11:39:17] local.ERROR: Cannot redeclare classAckTestOpen() (previously declared in D:\wamp\www\lms\app\helpers.php:5) {"exception":"[object] (Symfony\\Component\\ErrorHandler\\Error\\FatalError(code: 0): Cannot redeclare classAckTestOpen() (previously declared in D:\\wamp\\www\\lms\\app\\helpers.php:5) at D:\\wamp\\www\\lms\\app\\helpers.php:5)
[stacktrace]
#0 {main}
"} 
[2023-12-08 11:40:20] local.ERROR: Cannot redeclare classAckTestOpen() (previously declared in D:\wamp\www\lms\app\helpers.php:5) {"exception":"[object] (Symfony\\Component\\ErrorHandler\\Error\\FatalError(code: 0): Cannot redeclare classAckTestOpen() (previously declared in D:\\wamp\\www\\lms\\app\\helpers.php:5) at D:\\wamp\\www\\lms\\app\\helpers.php:5)
[stacktrace]
#0 {main}
"} 
[2023-12-08 11:40:55] local.ERROR: mkdir(): File exists {"userId":1,"exception":"[object] (ErrorException(code: 0): mkdir(): File exists at D:\\wamp\\www\\lms\\app\\Http\\Controllers\\Admin\\LectureController.php:1587)
[stacktrace]
#0 D:\\wamp\\www\\lms\\vendor\\laravel\\framework\\src\\Illuminate\\Foundation\\Bootstrap\\HandleExceptions.php(254): Illuminate\\Foundation\\Bootstrap\\HandleExceptions->handleError(2, 'mkdir(): File e...', 'D:\\\\wamp\\\\www\\\\lms...', 1587)
#1 [internal function]: Illuminate\\Foundation\\Bootstrap\\HandleExceptions->Illuminate\\Foundation\\Bootstrap\\{closure}(2, 'mkdir(): File e...', 'D:\\\\wamp\\\\www\\\\lms...', 1587)
#2 D:\\wamp\\www\\lms\\app\\Http\\Controllers\\Admin\\LectureController.php(1587): mkdir('usermedia/admin...')
#3 D:\\wamp\\www\\lms\\vendor\\laravel\\framework\\src\\Illuminate\\Routing\\Controller.php(54): App\\Http\\Controllers\\Admin\\LectureController->importimages(Object(Illuminate\\Http\\Request), '14')
#4 D:\\wamp\\www\\lms\\vendor\\laravel\\framework\\src\\Illuminate\\Routing\\ControllerDispatcher.php(43): Illuminate\\Routing\\Controller->callAction('importimages', Array)
#5 D:\\wamp\\www\\lms\\vendor\\laravel\\framework\\src\\Illuminate\\Routing\\Route.php(260): Illuminate\\Routing\\ControllerDispatcher->dispatch(Object(Illuminate\\Routing\\Route), Object(App\\Http\\Controllers\\Admin\\LectureController), 'importimages')
#6 D:\\wamp\\www\\lms\\vendor\\laravel\\framework\\src\\Illuminate\\Routing\\Route.php(205): Illuminate\\Routing\\Route->runController()
#7 D:\\wamp\\www\\lms\\vendor\\laravel\\framework\\src\\Illuminate\\Routing\\Router.php(798): Illuminate\\Routing\\Route->run()
#8 D:\\wamp\\www\\lms\\vendor\\laravel\\framework\\src\\Illuminate\\Pipeline\\Pipeline.php(141): Illuminate\\Routing\\Router->Illuminate\\Routing\\{closure}(Object(Illuminate\\Http\\Request))
#9 D:\\wamp\\www\\lms\\app\\Http\\Middleware\\UserLimit.php(28): Illuminate\\Pipeline\\Pipeline->Illuminate\\Pipeline\\{closure}(Object(Illuminate\\Http\\Request))
#10 D:\\wamp\\www\\lms\\vendor\\laravel\\framework\\src\\Illuminate\\Pipeline\\Pipeline.php(180): App\\Http\\Middleware\\UserLimit->handle(Object(Illuminate\\Http\\Request), Object(Closure))
#11 D:\\wamp\\www\\lms\\app\\Http\\Middleware\\Admin.php(49): Illuminate\\Pipeline\\Pipeline->Illuminate\\Pipeline\\{closure}(Object(Illuminate\\Http\\Request))
#12 D:\\wamp\\www\\lms\\vendor\\laravel\\framework\\src\\Illuminate\\Pipeline\\Pipeline.php(180): App\\Http\\Middleware\\Admin->handle(Object(Illuminate\\Http\\Request), Object(Closure))
#13 D:\\wamp\\www\\lms\\vendor\\laravel\\framework\\src\\Illuminate\\Routing\\Middleware\\SubstituteBindings.php(50): Illuminate\\Pipeline\\Pipeline->Illuminate\\Pipeline\\{closure}(Object(Illuminate\\Http\\Request))
#14 D:\\wamp\\www\\lms\\vendor\\laravel\\framework\\src\\Illuminate\\Pipeline\\Pipeline.php(180): Illuminate\\Routing\\Middleware\\SubstituteBindings->handle(Object(Illuminate\\Http\\Request), Object(Closure))
#15 D:\\wamp\\www\\lms\\vendor\\laravel\\framework\\src\\Illuminate\\Auth\\Middleware\\Authenticate.php(57): Illuminate\\Pipeline\\Pipeline->Illuminate\\Pipeline\\{closure}(Object(Illuminate\\Http\\Request))
#16 D:\\wamp\\www\\lms\\vendor\\laravel\\framework\\src\\Illuminate\\Pipeline\\Pipeline.php(180): Illuminate\\Auth\\Middleware\\Authenticate->handle(Object(Illuminate\\Http\\Request), Object(Closure))
#17 D:\\wamp\\www\\lms\\vendor\\laravel\\framework\\src\\Illuminate\\Foundation\\Http\\Middleware\\VerifyCsrfToken.php(78): Illuminate\\Pipeline\\Pipeline->Illuminate\\Pipeline\\{closure}(Object(Illuminate\\Http\\Request))
#18 D:\\wamp\\www\\lms\\vendor\\laravel\\framework\\src\\Illuminate\\Pipeline\\Pipeline.php(180): Illuminate\\Foundation\\Http\\Middleware\\VerifyCsrfToken->handle(Object(Illuminate\\Http\\Request), Object(Closure))
#19 D:\\wamp\\www\\lms\\vendor\\laravel\\framework\\src\\Illuminate\\View\\Middleware\\ShareErrorsFromSession.php(49): Illuminate\\Pipeline\\Pipeline->Illuminate\\Pipeline\\{closure}(Object(Illuminate\\Http\\Request))
#20 D:\\wamp\\www\\lms\\vendor\\laravel\\framework\\src\\Illuminate\\Pipeline\\Pipeline.php(180): Illuminate\\View\\Middleware\\ShareErrorsFromSession->handle(Object(Illuminate\\Http\\Request), Object(Closure))
#21 D:\\wamp\\www\\lms\\vendor\\laravel\\framework\\src\\Illuminate\\Session\\Middleware\\StartSession.php(121): Illuminate\\Pipeline\\Pipeline->Illuminate\\Pipeline\\{closure}(Object(Illuminate\\Http\\Request))
#22 D:\\wamp\\www\\lms\\vendor\\laravel\\framework\\src\\Illuminate\\Session\\Middleware\\StartSession.php(64): Illuminate\\Session\\Middleware\\StartSession->handleStatefulRequest(Object(Illuminate\\Http\\Request), Object(Illuminate\\Session\\Store), Object(Closure))
#23 D:\\wamp\\www\\lms\\vendor\\laravel\\framework\\src\\Illuminate\\Pipeline\\Pipeline.php(180): Illuminate\\Session\\Middleware\\StartSession->handle(Object(Illuminate\\Http\\Request), Object(Closure))
#24 D:\\wamp\\www\\lms\\vendor\\laravel\\framework\\src\\Illuminate\\Cookie\\Middleware\\AddQueuedCookiesToResponse.php(37): Illuminate\\Pipeline\\Pipeline->Illuminate\\Pipeline\\{closure}(Object(Illuminate\\Http\\Request))
#25 D:\\wamp\\www\\lms\\vendor\\laravel\\framework\\src\\Illuminate\\Pipeline\\Pipeline.php(180): Illuminate\\Cookie\\Middleware\\AddQueuedCookiesToResponse->handle(Object(Illuminate\\Http\\Request), Object(Closure))
#26 D:\\wamp\\www\\lms\\vendor\\laravel\\framework\\src\\Illuminate\\Cookie\\Middleware\\EncryptCookies.php(67): Illuminate\\Pipeline\\Pipeline->Illuminate\\Pipeline\\{closure}(Object(Illuminate\\Http\\Request))
#27 D:\\wamp\\www\\lms\\vendor\\laravel\\framework\\src\\Illuminate\\Pipeline\\Pipeline.php(180): Illuminate\\Cookie\\Middleware\\EncryptCookies->handle(Object(Illuminate\\Http\\Request), Object(Closure))
#28 D:\\wamp\\www\\lms\\vendor\\laravel\\framework\\src\\Illuminate\\Pipeline\\Pipeline.php(116): Illuminate\\Pipeline\\Pipeline->Illuminate\\Pipeline\\{closure}(Object(Illuminate\\Http\\Request))
#29 D:\\wamp\\www\\lms\\vendor\\laravel\\framework\\src\\Illuminate\\Routing\\Router.php(799): Illuminate\\Pipeline\\Pipeline->then(Object(Closure))
#30 D:\\wamp\\www\\lms\\vendor\\laravel\\framework\\src\\Illuminate\\Routing\\Router.php(776): Illuminate\\Routing\\Router->runRouteWithinStack(Object(Illuminate\\Routing\\Route), Object(Illuminate\\Http\\Request))
#31 D:\\wamp\\www\\lms\\vendor\\laravel\\framework\\src\\Illuminate\\Routing\\Router.php(740): Illuminate\\Routing\\Router->runRoute(Object(Illuminate\\Http\\Request), Object(Illuminate\\Routing\\Route))
#32 D:\\wamp\\www\\lms\\vendor\\laravel\\framework\\src\\Illuminate\\Routing\\Router.php(729): Illuminate\\Routing\\Router->dispatchToRoute(Object(Illuminate\\Http\\Request))
#33 D:\\wamp\\www\\lms\\vendor\\laravel\\framework\\src\\Illuminate\\Foundation\\Http\\Kernel.php(200): Illuminate\\Routing\\Router->dispatch(Object(Illuminate\\Http\\Request))
#34 D:\\wamp\\www\\lms\\vendor\\laravel\\framework\\src\\Illuminate\\Pipeline\\Pipeline.php(141): Illuminate\\Foundation\\Http\\Kernel->Illuminate\\Foundation\\Http\\{closure}(Object(Illuminate\\Http\\Request))
#35 D:\\wamp\\www\\lms\\vendor\\laravel\\framework\\src\\Illuminate\\Foundation\\Http\\Middleware\\TransformsRequest.php(21): Illuminate\\Pipeline\\Pipeline->Illuminate\\Pipeline\\{closure}(Object(Illuminate\\Http\\Request))
#36 D:\\wamp\\www\\lms\\vendor\\laravel\\framework\\src\\Illuminate\\Foundation\\Http\\Middleware\\ConvertEmptyStringsToNull.php(31): Illuminate\\Foundation\\Http\\Middleware\\TransformsRequest->handle(Object(Illuminate\\Http\\Request), Object(Closure))
#37 D:\\wamp\\www\\lms\\vendor\\laravel\\framework\\src\\Illuminate\\Pipeline\\Pipeline.php(180): Illuminate\\Foundation\\Http\\Middleware\\ConvertEmptyStringsToNull->handle(Object(Illuminate\\Http\\Request), Object(Closure))
#38 D:\\wamp\\www\\lms\\vendor\\laravel\\framework\\src\\Illuminate\\Foundation\\Http\\Middleware\\TransformsRequest.php(21): Illuminate\\Pipeline\\Pipeline->Illuminate\\Pipeline\\{closure}(Object(Illuminate\\Http\\Request))
#39 D:\\wamp\\www\\lms\\vendor\\laravel\\framework\\src\\Illuminate\\Foundation\\Http\\Middleware\\TrimStrings.php(40): Illuminate\\Foundation\\Http\\Middleware\\TransformsRequest->handle(Object(Illuminate\\Http\\Request), Object(Closure))
#40 D:\\wamp\\www\\lms\\vendor\\laravel\\framework\\src\\Illuminate\\Pipeline\\Pipeline.php(180): Illuminate\\Foundation\\Http\\Middleware\\TrimStrings->handle(Object(Illuminate\\Http\\Request), Object(Closure))
#41 D:\\wamp\\www\\lms\\vendor\\laravel\\framework\\src\\Illuminate\\Foundation\\Http\\Middleware\\ValidatePostSize.php(27): Illuminate\\Pipeline\\Pipeline->Illuminate\\Pipeline\\{closure}(Object(Illuminate\\Http\\Request))
#42 D:\\wamp\\www\\lms\\vendor\\laravel\\framework\\src\\Illuminate\\Pipeline\\Pipeline.php(180): Illuminate\\Foundation\\Http\\Middleware\\ValidatePostSize->handle(Object(Illuminate\\Http\\Request), Object(Closure))
#43 D:\\wamp\\www\\lms\\vendor\\laravel\\framework\\src\\Illuminate\\Foundation\\Http\\Middleware\\PreventRequestsDuringMaintenance.php(86): Illuminate\\Pipeline\\Pipeline->Illuminate\\Pipeline\\{closure}(Object(Illuminate\\Http\\Request))
#44 D:\\wamp\\www\\lms\\vendor\\laravel\\framework\\src\\Illuminate\\Pipeline\\Pipeline.php(180): Illuminate\\Foundation\\Http\\Middleware\\PreventRequestsDuringMaintenance->handle(Object(Illuminate\\Http\\Request), Object(Closure))
#45 D:\\wamp\\www\\lms\\vendor\\laravel\\framework\\src\\Illuminate\\Http\\Middleware\\HandleCors.php(49): Illuminate\\Pipeline\\Pipeline->Illuminate\\Pipeline\\{closure}(Object(Illuminate\\Http\\Request))
#46 D:\\wamp\\www\\lms\\vendor\\laravel\\framework\\src\\Illuminate\\Pipeline\\Pipeline.php(180): Illuminate\\Http\\Middleware\\HandleCors->handle(Object(Illuminate\\Http\\Request), Object(Closure))
#47 D:\\wamp\\www\\lms\\vendor\\laravel\\framework\\src\\Illuminate\\Http\\Middleware\\TrustProxies.php(39): Illuminate\\Pipeline\\Pipeline->Illuminate\\Pipeline\\{closure}(Object(Illuminate\\Http\\Request))
#48 D:\\wamp\\www\\lms\\vendor\\laravel\\framework\\src\\Illuminate\\Pipeline\\Pipeline.php(180): Illuminate\\Http\\Middleware\\TrustProxies->handle(Object(Illuminate\\Http\\Request), Object(Closure))
#49 D:\\wamp\\www\\lms\\vendor\\laravel\\framework\\src\\Illuminate\\Pipeline\\Pipeline.php(116): Illuminate\\Pipeline\\Pipeline->Illuminate\\Pipeline\\{closure}(Object(Illuminate\\Http\\Request))
#50 D:\\wamp\\www\\lms\\vendor\\laravel\\framework\\src\\Illuminate\\Foundation\\Http\\Kernel.php(175): Illuminate\\Pipeline\\Pipeline->then(Object(Closure))
#51 D:\\wamp\\www\\lms\\vendor\\laravel\\framework\\src\\Illuminate\\Foundation\\Http\\Kernel.php(144): Illuminate\\Foundation\\Http\\Kernel->sendRequestThroughRouter(Object(Illuminate\\Http\\Request))
#52 D:\\wamp\\www\\lms\\public\\index.php(55): Illuminate\\Foundation\\Http\\Kernel->handle(Object(Illuminate\\Http\\Request))
#53 {main}
"} 
[2023-12-08 11:41:17] local.ERROR: Cannot redeclare classAckTestOpen() (previously declared in D:\wamp\www\lms\app\helpers.php:5) {"exception":"[object] (Symfony\\Component\\ErrorHandler\\Error\\FatalError(code: 0): Cannot redeclare classAckTestOpen() (previously declared in D:\\wamp\\www\\lms\\app\\helpers.php:5) at D:\\wamp\\www\\lms\\app\\helpers.php:5)
[stacktrace]
#0 {main}
"} 
[2023-12-08 11:42:17] local.ERROR: Cannot redeclare classAckTestOpen() (previously declared in D:\wamp\www\lms\app\helpers.php:5) {"exception":"[object] (Symfony\\Component\\ErrorHandler\\Error\\FatalError(code: 0): Cannot redeclare classAckTestOpen() (previously declared in D:\\wamp\\www\\lms\\app\\helpers.php:5) at D:\\wamp\\www\\lms\\app\\helpers.php:5)
[stacktrace]
#0 {main}
"} 
[2023-12-08 11:43:17] local.ERROR: Cannot redeclare classAckTestOpen() (previously declared in D:\wamp\www\lms\app\helpers.php:5) {"exception":"[object] (Symfony\\Component\\ErrorHandler\\Error\\FatalError(code: 0): Cannot redeclare classAckTestOpen() (previously declared in D:\\wamp\\www\\lms\\app\\helpers.php:5) at D:\\wamp\\www\\lms\\app\\helpers.php:5)
[stacktrace]
#0 {main}
"} 
[2023-12-08 11:44:17] local.ERROR: Cannot redeclare classAckTestOpen() (previously declared in D:\wamp\www\lms\app\helpers.php:5) {"exception":"[object] (Symfony\\Component\\ErrorHandler\\Error\\FatalError(code: 0): Cannot redeclare classAckTestOpen() (previously declared in D:\\wamp\\www\\lms\\app\\helpers.php:5) at D:\\wamp\\www\\lms\\app\\helpers.php:5)
[stacktrace]
#0 {main}
"} 
[2023-12-08 11:45:17] local.ERROR: Cannot redeclare classAckTestOpen() (previously declared in D:\wamp\www\lms\app\helpers.php:5) {"exception":"[object] (Symfony\\Component\\ErrorHandler\\Error\\FatalError(code: 0): Cannot redeclare classAckTestOpen() (previously declared in D:\\wamp\\www\\lms\\app\\helpers.php:5) at D:\\wamp\\www\\lms\\app\\helpers.php:5)
[stacktrace]
#0 {main}
"} 
[2023-12-08 11:46:20] local.ERROR: Cannot redeclare classAckTestOpen() (previously declared in D:\wamp\www\lms\app\helpers.php:5) {"exception":"[object] (Symfony\\Component\\ErrorHandler\\Error\\FatalError(code: 0): Cannot redeclare classAckTestOpen() (previously declared in D:\\wamp\\www\\lms\\app\\helpers.php:5) at D:\\wamp\\www\\lms\\app\\helpers.php:5)
[stacktrace]
#0 {main}
"} 
[2023-12-08 11:47:17] local.ERROR: Cannot redeclare classAckTestOpen() (previously declared in D:\wamp\www\lms\app\helpers.php:5) {"exception":"[object] (Symfony\\Component\\ErrorHandler\\Error\\FatalError(code: 0): Cannot redeclare classAckTestOpen() (previously declared in D:\\wamp\\www\\lms\\app\\helpers.php:5) at D:\\wamp\\www\\lms\\app\\helpers.php:5)
[stacktrace]
#0 {main}
"} 
[2023-12-08 11:48:17] local.ERROR: Cannot redeclare classAckTestOpen() (previously declared in D:\wamp\www\lms\app\helpers.php:5) {"exception":"[object] (Symfony\\Component\\ErrorHandler\\Error\\FatalError(code: 0): Cannot redeclare classAckTestOpen() (previously declared in D:\\wamp\\www\\lms\\app\\helpers.php:5) at D:\\wamp\\www\\lms\\app\\helpers.php:5)
[stacktrace]
#0 {main}
"} 
[2023-12-08 11:49:20] local.ERROR: Cannot redeclare classAckTestOpen() (previously declared in D:\wamp\www\lms\app\helpers.php:5) {"exception":"[object] (Symfony\\Component\\ErrorHandler\\Error\\FatalError(code: 0): Cannot redeclare classAckTestOpen() (previously declared in D:\\wamp\\www\\lms\\app\\helpers.php:5) at D:\\wamp\\www\\lms\\app\\helpers.php:5)
[stacktrace]
#0 {main}
"} 
[2023-12-08 11:50:17] local.ERROR: Cannot redeclare classAckTestOpen() (previously declared in D:\wamp\www\lms\app\helpers.php:5) {"exception":"[object] (Symfony\\Component\\ErrorHandler\\Error\\FatalError(code: 0): Cannot redeclare classAckTestOpen() (previously declared in D:\\wamp\\www\\lms\\app\\helpers.php:5) at D:\\wamp\\www\\lms\\app\\helpers.php:5)
[stacktrace]
#0 {main}
"} 
[2023-12-08 11:51:17] local.ERROR: Cannot redeclare classAckTestOpen() (previously declared in D:\wamp\www\lms\app\helpers.php:5) {"exception":"[object] (Symfony\\Component\\ErrorHandler\\Error\\FatalError(code: 0): Cannot redeclare classAckTestOpen() (previously declared in D:\\wamp\\www\\lms\\app\\helpers.php:5) at D:\\wamp\\www\\lms\\app\\helpers.php:5)
[stacktrace]
#0 {main}
"} 
[2023-12-08 11:52:17] local.ERROR: Cannot redeclare classAckTestOpen() (previously declared in D:\wamp\www\lms\app\helpers.php:5) {"exception":"[object] (Symfony\\Component\\ErrorHandler\\Error\\FatalError(code: 0): Cannot redeclare classAckTestOpen() (previously declared in D:\\wamp\\www\\lms\\app\\helpers.php:5) at D:\\wamp\\www\\lms\\app\\helpers.php:5)
[stacktrace]
#0 {main}
"} 
[2023-12-08 11:53:17] local.ERROR: Cannot redeclare classAckTestOpen() (previously declared in D:\wamp\www\lms\app\helpers.php:5) {"exception":"[object] (Symfony\\Component\\ErrorHandler\\Error\\FatalError(code: 0): Cannot redeclare classAckTestOpen() (previously declared in D:\\wamp\\www\\lms\\app\\helpers.php:5) at D:\\wamp\\www\\lms\\app\\helpers.php:5)
[stacktrace]
#0 {main}
"} 
[2023-12-08 11:54:20] local.ERROR: Cannot redeclare classAckTestOpen() (previously declared in D:\wamp\www\lms\app\helpers.php:5) {"exception":"[object] (Symfony\\Component\\ErrorHandler\\Error\\FatalError(code: 0): Cannot redeclare classAckTestOpen() (previously declared in D:\\wamp\\www\\lms\\app\\helpers.php:5) at D:\\wamp\\www\\lms\\app\\helpers.php:5)
[stacktrace]
#0 {main}
"} 
[2023-12-08 11:55:17] local.ERROR: Cannot redeclare classAckTestOpen() (previously declared in D:\wamp\www\lms\app\helpers.php:5) {"exception":"[object] (Symfony\\Component\\ErrorHandler\\Error\\FatalError(code: 0): Cannot redeclare classAckTestOpen() (previously declared in D:\\wamp\\www\\lms\\app\\helpers.php:5) at D:\\wamp\\www\\lms\\app\\helpers.php:5)
[stacktrace]
#0 {main}
"} 
[2023-12-08 11:56:17] local.ERROR: Cannot redeclare classAckTestOpen() (previously declared in D:\wamp\www\lms\app\helpers.php:5) {"exception":"[object] (Symfony\\Component\\ErrorHandler\\Error\\FatalError(code: 0): Cannot redeclare classAckTestOpen() (previously declared in D:\\wamp\\www\\lms\\app\\helpers.php:5) at D:\\wamp\\www\\lms\\app\\helpers.php:5)
[stacktrace]
#0 {main}
"} 
[2023-12-08 11:57:20] local.ERROR: Cannot redeclare classAckTestOpen() (previously declared in D:\wamp\www\lms\app\helpers.php:5) {"exception":"[object] (Symfony\\Component\\ErrorHandler\\Error\\FatalError(code: 0): Cannot redeclare classAckTestOpen() (previously declared in D:\\wamp\\www\\lms\\app\\helpers.php:5) at D:\\wamp\\www\\lms\\app\\helpers.php:5)
[stacktrace]
#0 {main}
"} 
[2023-12-08 11:58:17] local.ERROR: Cannot redeclare classAckTestOpen() (previously declared in D:\wamp\www\lms\app\helpers.php:5) {"exception":"[object] (Symfony\\Component\\ErrorHandler\\Error\\FatalError(code: 0): Cannot redeclare classAckTestOpen() (previously declared in D:\\wamp\\www\\lms\\app\\helpers.php:5) at D:\\wamp\\www\\lms\\app\\helpers.php:5)
[stacktrace]
#0 {main}
"} 
[2023-12-08 11:59:17] local.ERROR: Cannot redeclare classAckTestOpen() (previously declared in D:\wamp\www\lms\app\helpers.php:5) {"exception":"[object] (Symfony\\Component\\ErrorHandler\\Error\\FatalError(code: 0): Cannot redeclare classAckTestOpen() (previously declared in D:\\wamp\\www\\lms\\app\\helpers.php:5) at D:\\wamp\\www\\lms\\app\\helpers.php:5)
[stacktrace]
#0 {main}
"} 
[2023-12-08 12:00:20] local.ERROR: Cannot redeclare classAckTestOpen() (previously declared in D:\wamp\www\lms\app\helpers.php:5) {"exception":"[object] (Symfony\\Component\\ErrorHandler\\Error\\FatalError(code: 0): Cannot redeclare classAckTestOpen() (previously declared in D:\\wamp\\www\\lms\\app\\helpers.php:5) at D:\\wamp\\www\\lms\\app\\helpers.php:5)
[stacktrace]
#0 {main}
"} 
[2023-12-08 12:01:17] local.ERROR: Cannot redeclare classAckTestOpen() (previously declared in D:\wamp\www\lms\app\helpers.php:5) {"exception":"[object] (Symfony\\Component\\ErrorHandler\\Error\\FatalError(code: 0): Cannot redeclare classAckTestOpen() (previously declared in D:\\wamp\\www\\lms\\app\\helpers.php:5) at D:\\wamp\\www\\lms\\app\\helpers.php:5)
[stacktrace]
#0 {main}
"} 
[2023-12-08 12:02:17] local.ERROR: Cannot redeclare classAckTestOpen() (previously declared in D:\wamp\www\lms\app\helpers.php:5) {"exception":"[object] (Symfony\\Component\\ErrorHandler\\Error\\FatalError(code: 0): Cannot redeclare classAckTestOpen() (previously declared in D:\\wamp\\www\\lms\\app\\helpers.php:5) at D:\\wamp\\www\\lms\\app\\helpers.php:5)
[stacktrace]
#0 {main}
"} 
[2023-12-08 12:03:20] local.ERROR: Cannot redeclare classAckTestOpen() (previously declared in D:\wamp\www\lms\app\helpers.php:5) {"exception":"[object] (Symfony\\Component\\ErrorHandler\\Error\\FatalError(code: 0): Cannot redeclare classAckTestOpen() (previously declared in D:\\wamp\\www\\lms\\app\\helpers.php:5) at D:\\wamp\\www\\lms\\app\\helpers.php:5)
[stacktrace]
#0 {main}
"} 
[2023-12-08 12:04:17] local.ERROR: Cannot redeclare classAckTestOpen() (previously declared in D:\wamp\www\lms\app\helpers.php:5) {"exception":"[object] (Symfony\\Component\\ErrorHandler\\Error\\FatalError(code: 0): Cannot redeclare classAckTestOpen() (previously declared in D:\\wamp\\www\\lms\\app\\helpers.php:5) at D:\\wamp\\www\\lms\\app\\helpers.php:5)
[stacktrace]
#0 {main}
"} 
[2023-12-08 12:05:17] local.ERROR: Cannot redeclare classAckTestOpen() (previously declared in D:\wamp\www\lms\app\helpers.php:5) {"exception":"[object] (Symfony\\Component\\ErrorHandler\\Error\\FatalError(code: 0): Cannot redeclare classAckTestOpen() (previously declared in D:\\wamp\\www\\lms\\app\\helpers.php:5) at D:\\wamp\\www\\lms\\app\\helpers.php:5)
[stacktrace]
#0 {main}
"} 
[2023-12-08 12:06:20] local.ERROR: Cannot redeclare classAckTestOpen() (previously declared in D:\wamp\www\lms\app\helpers.php:5) {"exception":"[object] (Symfony\\Component\\ErrorHandler\\Error\\FatalError(code: 0): Cannot redeclare classAckTestOpen() (previously declared in D:\\wamp\\www\\lms\\app\\helpers.php:5) at D:\\wamp\\www\\lms\\app\\helpers.php:5)
[stacktrace]
#0 {main}
"} 
[2023-12-08 12:07:17] local.ERROR: Cannot redeclare classAckTestOpen() (previously declared in D:\wamp\www\lms\app\helpers.php:5) {"exception":"[object] (Symfony\\Component\\ErrorHandler\\Error\\FatalError(code: 0): Cannot redeclare classAckTestOpen() (previously declared in D:\\wamp\\www\\lms\\app\\helpers.php:5) at D:\\wamp\\www\\lms\\app\\helpers.php:5)
[stacktrace]
#0 {main}
"} 
[2023-12-08 12:08:17] local.ERROR: Cannot redeclare classAckTestOpen() (previously declared in D:\wamp\www\lms\app\helpers.php:5) {"exception":"[object] (Symfony\\Component\\ErrorHandler\\Error\\FatalError(code: 0): Cannot redeclare classAckTestOpen() (previously declared in D:\\wamp\\www\\lms\\app\\helpers.php:5) at D:\\wamp\\www\\lms\\app\\helpers.php:5)
[stacktrace]
#0 {main}
"} 
[2023-12-08 12:09:20] local.ERROR: Cannot redeclare classAckTestOpen() (previously declared in D:\wamp\www\lms\app\helpers.php:5) {"exception":"[object] (Symfony\\Component\\ErrorHandler\\Error\\FatalError(code: 0): Cannot redeclare classAckTestOpen() (previously declared in D:\\wamp\\www\\lms\\app\\helpers.php:5) at D:\\wamp\\www\\lms\\app\\helpers.php:5)
[stacktrace]
#0 {main}
"} 
[2023-12-08 12:10:17] local.ERROR: Cannot redeclare classAckTestOpen() (previously declared in D:\wamp\www\lms\app\helpers.php:5) {"exception":"[object] (Symfony\\Component\\ErrorHandler\\Error\\FatalError(code: 0): Cannot redeclare classAckTestOpen() (previously declared in D:\\wamp\\www\\lms\\app\\helpers.php:5) at D:\\wamp\\www\\lms\\app\\helpers.php:5)
[stacktrace]
#0 {main}
"} 
[2023-12-08 12:11:17] local.ERROR: Cannot redeclare classAckTestOpen() (previously declared in D:\wamp\www\lms\app\helpers.php:5) {"exception":"[object] (Symfony\\Component\\ErrorHandler\\Error\\FatalError(code: 0): Cannot redeclare classAckTestOpen() (previously declared in D:\\wamp\\www\\lms\\app\\helpers.php:5) at D:\\wamp\\www\\lms\\app\\helpers.php:5)
[stacktrace]
#0 {main}
"} 
[2023-12-08 12:12:17] local.ERROR: Cannot redeclare classAckTestOpen() (previously declared in D:\wamp\www\lms\app\helpers.php:5) {"exception":"[object] (Symfony\\Component\\ErrorHandler\\Error\\FatalError(code: 0): Cannot redeclare classAckTestOpen() (previously declared in D:\\wamp\\www\\lms\\app\\helpers.php:5) at D:\\wamp\\www\\lms\\app\\helpers.php:5)
[stacktrace]
#0 {main}
"} 
[2023-12-08 12:13:17] local.ERROR: Cannot redeclare classAckTestOpen() (previously declared in D:\wamp\www\lms\app\helpers.php:5) {"exception":"[object] (Symfony\\Component\\ErrorHandler\\Error\\FatalError(code: 0): Cannot redeclare classAckTestOpen() (previously declared in D:\\wamp\\www\\lms\\app\\helpers.php:5) at D:\\wamp\\www\\lms\\app\\helpers.php:5)
[stacktrace]
#0 {main}
"} 
[2023-12-08 12:14:20] local.ERROR: Cannot redeclare classAckTestOpen() (previously declared in D:\wamp\www\lms\app\helpers.php:5) {"exception":"[object] (Symfony\\Component\\ErrorHandler\\Error\\FatalError(code: 0): Cannot redeclare classAckTestOpen() (previously declared in D:\\wamp\\www\\lms\\app\\helpers.php:5) at D:\\wamp\\www\\lms\\app\\helpers.php:5)
[stacktrace]
#0 {main}
"} 
[2023-12-08 12:15:17] local.ERROR: Cannot redeclare classAckTestOpen() (previously declared in D:\wamp\www\lms\app\helpers.php:5) {"exception":"[object] (Symfony\\Component\\ErrorHandler\\Error\\FatalError(code: 0): Cannot redeclare classAckTestOpen() (previously declared in D:\\wamp\\www\\lms\\app\\helpers.php:5) at D:\\wamp\\www\\lms\\app\\helpers.php:5)
[stacktrace]
#0 {main}
"} 
[2023-12-08 12:16:17] local.ERROR: Cannot redeclare classAckTestOpen() (previously declared in D:\wamp\www\lms\app\helpers.php:5) {"exception":"[object] (Symfony\\Component\\ErrorHandler\\Error\\FatalError(code: 0): Cannot redeclare classAckTestOpen() (previously declared in D:\\wamp\\www\\lms\\app\\helpers.php:5) at D:\\wamp\\www\\lms\\app\\helpers.php:5)
[stacktrace]
#0 {main}
"} 
[2023-12-08 12:17:20] local.ERROR: Cannot redeclare classAckTestOpen() (previously declared in D:\wamp\www\lms\app\helpers.php:5) {"exception":"[object] (Symfony\\Component\\ErrorHandler\\Error\\FatalError(code: 0): Cannot redeclare classAckTestOpen() (previously declared in D:\\wamp\\www\\lms\\app\\helpers.php:5) at D:\\wamp\\www\\lms\\app\\helpers.php:5)
[stacktrace]
#0 {main}
"} 
[2023-12-08 12:18:17] local.ERROR: Cannot redeclare classAckTestOpen() (previously declared in D:\wamp\www\lms\app\helpers.php:5) {"exception":"[object] (Symfony\\Component\\ErrorHandler\\Error\\FatalError(code: 0): Cannot redeclare classAckTestOpen() (previously declared in D:\\wamp\\www\\lms\\app\\helpers.php:5) at D:\\wamp\\www\\lms\\app\\helpers.php:5)
[stacktrace]
#0 {main}
"} 
[2023-12-08 12:19:17] local.ERROR: Cannot redeclare classAckTestOpen() (previously declared in D:\wamp\www\lms\app\helpers.php:5) {"exception":"[object] (Symfony\\Component\\ErrorHandler\\Error\\FatalError(code: 0): Cannot redeclare classAckTestOpen() (previously declared in D:\\wamp\\www\\lms\\app\\helpers.php:5) at D:\\wamp\\www\\lms\\app\\helpers.php:5)
[stacktrace]
#0 {main}
"} 
[2023-12-08 12:20:20] local.ERROR: Cannot redeclare classAckTestOpen() (previously declared in D:\wamp\www\lms\app\helpers.php:5) {"exception":"[object] (Symfony\\Component\\ErrorHandler\\Error\\FatalError(code: 0): Cannot redeclare classAckTestOpen() (previously declared in D:\\wamp\\www\\lms\\app\\helpers.php:5) at D:\\wamp\\www\\lms\\app\\helpers.php:5)
[stacktrace]
#0 {main}
"} 
[2023-12-08 12:21:17] local.ERROR: Cannot redeclare classAckTestOpen() (previously declared in D:\wamp\www\lms\app\helpers.php:5) {"exception":"[object] (Symfony\\Component\\ErrorHandler\\Error\\FatalError(code: 0): Cannot redeclare classAckTestOpen() (previously declared in D:\\wamp\\www\\lms\\app\\helpers.php:5) at D:\\wamp\\www\\lms\\app\\helpers.php:5)
[stacktrace]
#0 {main}
"} 
[2023-12-08 12:22:17] local.ERROR: Cannot redeclare classAckTestOpen() (previously declared in D:\wamp\www\lms\app\helpers.php:5) {"exception":"[object] (Symfony\\Component\\ErrorHandler\\Error\\FatalError(code: 0): Cannot redeclare classAckTestOpen() (previously declared in D:\\wamp\\www\\lms\\app\\helpers.php:5) at D:\\wamp\\www\\lms\\app\\helpers.php:5)
[stacktrace]
#0 {main}
"} 
[2023-12-08 12:23:20] local.ERROR: Cannot redeclare classAckTestOpen() (previously declared in D:\wamp\www\lms\app\helpers.php:5) {"exception":"[object] (Symfony\\Component\\ErrorHandler\\Error\\FatalError(code: 0): Cannot redeclare classAckTestOpen() (previously declared in D:\\wamp\\www\\lms\\app\\helpers.php:5) at D:\\wamp\\www\\lms\\app\\helpers.php:5)
[stacktrace]
#0 {main}
"} 
[2023-12-08 12:24:17] local.ERROR: Cannot redeclare classAckTestOpen() (previously declared in D:\wamp\www\lms\app\helpers.php:5) {"exception":"[object] (Symfony\\Component\\ErrorHandler\\Error\\FatalError(code: 0): Cannot redeclare classAckTestOpen() (previously declared in D:\\wamp\\www\\lms\\app\\helpers.php:5) at D:\\wamp\\www\\lms\\app\\helpers.php:5)
[stacktrace]
#0 {main}
"} 
[2023-12-08 12:25:17] local.ERROR: Cannot redeclare classAckTestOpen() (previously declared in D:\wamp\www\lms\app\helpers.php:5) {"exception":"[object] (Symfony\\Component\\ErrorHandler\\Error\\FatalError(code: 0): Cannot redeclare classAckTestOpen() (previously declared in D:\\wamp\\www\\lms\\app\\helpers.php:5) at D:\\wamp\\www\\lms\\app\\helpers.php:5)
[stacktrace]
#0 {main}
"} 
[2023-12-08 12:26:20] local.ERROR: Cannot redeclare classAckTestOpen() (previously declared in D:\wamp\www\lms\app\helpers.php:5) {"exception":"[object] (Symfony\\Component\\ErrorHandler\\Error\\FatalError(code: 0): Cannot redeclare classAckTestOpen() (previously declared in D:\\wamp\\www\\lms\\app\\helpers.php:5) at D:\\wamp\\www\\lms\\app\\helpers.php:5)
[stacktrace]
#0 {main}
"} 
[2023-12-08 12:27:17] local.ERROR: Cannot redeclare classAckTestOpen() (previously declared in D:\wamp\www\lms\app\helpers.php:5) {"exception":"[object] (Symfony\\Component\\ErrorHandler\\Error\\FatalError(code: 0): Cannot redeclare classAckTestOpen() (previously declared in D:\\wamp\\www\\lms\\app\\helpers.php:5) at D:\\wamp\\www\\lms\\app\\helpers.php:5)
[stacktrace]
#0 {main}
"} 
[2023-12-08 12:28:17] local.ERROR: Cannot redeclare classAckTestOpen() (previously declared in D:\wamp\www\lms\app\helpers.php:5) {"exception":"[object] (Symfony\\Component\\ErrorHandler\\Error\\FatalError(code: 0): Cannot redeclare classAckTestOpen() (previously declared in D:\\wamp\\www\\lms\\app\\helpers.php:5) at D:\\wamp\\www\\lms\\app\\helpers.php:5)
[stacktrace]
#0 {main}
"} 
[2023-12-08 12:29:20] local.ERROR: Cannot redeclare classAckTestOpen() (previously declared in D:\wamp\www\lms\app\helpers.php:5) {"exception":"[object] (Symfony\\Component\\ErrorHandler\\Error\\FatalError(code: 0): Cannot redeclare classAckTestOpen() (previously declared in D:\\wamp\\www\\lms\\app\\helpers.php:5) at D:\\wamp\\www\\lms\\app\\helpers.php:5)
[stacktrace]
#0 {main}
"} 
[2023-12-08 12:30:17] local.ERROR: Cannot redeclare classAckTestOpen() (previously declared in D:\wamp\www\lms\app\helpers.php:5) {"exception":"[object] (Symfony\\Component\\ErrorHandler\\Error\\FatalError(code: 0): Cannot redeclare classAckTestOpen() (previously declared in D:\\wamp\\www\\lms\\app\\helpers.php:5) at D:\\wamp\\www\\lms\\app\\helpers.php:5)
[stacktrace]
#0 {main}
"} 
[2023-12-08 12:31:17] local.ERROR: Cannot redeclare classAckTestOpen() (previously declared in D:\wamp\www\lms\app\helpers.php:5) {"exception":"[object] (Symfony\\Component\\ErrorHandler\\Error\\FatalError(code: 0): Cannot redeclare classAckTestOpen() (previously declared in D:\\wamp\\www\\lms\\app\\helpers.php:5) at D:\\wamp\\www\\lms\\app\\helpers.php:5)
[stacktrace]
#0 {main}
"} 
[2023-12-08 12:32:17] local.ERROR: Cannot redeclare classAckTestOpen() (previously declared in D:\wamp\www\lms\app\helpers.php:5) {"exception":"[object] (Symfony\\Component\\ErrorHandler\\Error\\FatalError(code: 0): Cannot redeclare classAckTestOpen() (previously declared in D:\\wamp\\www\\lms\\app\\helpers.php:5) at D:\\wamp\\www\\lms\\app\\helpers.php:5)
[stacktrace]
#0 {main}
"} 
[2023-12-08 12:33:17] local.ERROR: Cannot redeclare classAckTestOpen() (previously declared in D:\wamp\www\lms\app\helpers.php:5) {"exception":"[object] (Symfony\\Component\\ErrorHandler\\Error\\FatalError(code: 0): Cannot redeclare classAckTestOpen() (previously declared in D:\\wamp\\www\\lms\\app\\helpers.php:5) at D:\\wamp\\www\\lms\\app\\helpers.php:5)
[stacktrace]
#0 {main}
"} 
[2023-12-08 12:34:20] local.ERROR: Cannot redeclare classAckTestOpen() (previously declared in D:\wamp\www\lms\app\helpers.php:5) {"exception":"[object] (Symfony\\Component\\ErrorHandler\\Error\\FatalError(code: 0): Cannot redeclare classAckTestOpen() (previously declared in D:\\wamp\\www\\lms\\app\\helpers.php:5) at D:\\wamp\\www\\lms\\app\\helpers.php:5)
[stacktrace]
#0 {main}
"} 
[2023-12-08 12:35:17] local.ERROR: Cannot redeclare classAckTestOpen() (previously declared in D:\wamp\www\lms\app\helpers.php:5) {"exception":"[object] (Symfony\\Component\\ErrorHandler\\Error\\FatalError(code: 0): Cannot redeclare classAckTestOpen() (previously declared in D:\\wamp\\www\\lms\\app\\helpers.php:5) at D:\\wamp\\www\\lms\\app\\helpers.php:5)
[stacktrace]
#0 {main}
"} 
[2023-12-08 12:36:17] local.ERROR: Cannot redeclare classAckTestOpen() (previously declared in D:\wamp\www\lms\app\helpers.php:5) {"exception":"[object] (Symfony\\Component\\ErrorHandler\\Error\\FatalError(code: 0): Cannot redeclare classAckTestOpen() (previously declared in D:\\wamp\\www\\lms\\app\\helpers.php:5) at D:\\wamp\\www\\lms\\app\\helpers.php:5)
[stacktrace]
#0 {main}
"} 
[2023-12-08 12:37:21] local.ERROR: Cannot redeclare classAckTestOpen() (previously declared in D:\wamp\www\lms\app\helpers.php:5) {"exception":"[object] (Symfony\\Component\\ErrorHandler\\Error\\FatalError(code: 0): Cannot redeclare classAckTestOpen() (previously declared in D:\\wamp\\www\\lms\\app\\helpers.php:5) at D:\\wamp\\www\\lms\\app\\helpers.php:5)
[stacktrace]
#0 {main}
"} 
[2023-12-08 12:38:17] local.ERROR: Cannot redeclare classAckTestOpen() (previously declared in D:\wamp\www\lms\app\helpers.php:5) {"exception":"[object] (Symfony\\Component\\ErrorHandler\\Error\\FatalError(code: 0): Cannot redeclare classAckTestOpen() (previously declared in D:\\wamp\\www\\lms\\app\\helpers.php:5) at D:\\wamp\\www\\lms\\app\\helpers.php:5)
[stacktrace]
#0 {main}
"} 
[2023-12-08 12:39:17] local.ERROR: Cannot redeclare classAckTestOpen() (previously declared in D:\wamp\www\lms\app\helpers.php:5) {"exception":"[object] (Symfony\\Component\\ErrorHandler\\Error\\FatalError(code: 0): Cannot redeclare classAckTestOpen() (previously declared in D:\\wamp\\www\\lms\\app\\helpers.php:5) at D:\\wamp\\www\\lms\\app\\helpers.php:5)
[stacktrace]
#0 {main}
"} 
[2023-12-08 12:40:21] local.ERROR: Cannot redeclare classAckTestOpen() (previously declared in D:\wamp\www\lms\app\helpers.php:5) {"exception":"[object] (Symfony\\Component\\ErrorHandler\\Error\\FatalError(code: 0): Cannot redeclare classAckTestOpen() (previously declared in D:\\wamp\\www\\lms\\app\\helpers.php:5) at D:\\wamp\\www\\lms\\app\\helpers.php:5)
[stacktrace]
#0 {main}
"} 
[2023-12-08 12:41:17] local.ERROR: Cannot redeclare classAckTestOpen() (previously declared in D:\wamp\www\lms\app\helpers.php:5) {"exception":"[object] (Symfony\\Component\\ErrorHandler\\Error\\FatalError(code: 0): Cannot redeclare classAckTestOpen() (previously declared in D:\\wamp\\www\\lms\\app\\helpers.php:5) at D:\\wamp\\www\\lms\\app\\helpers.php:5)
[stacktrace]
#0 {main}
"} 
[2023-12-08 12:42:17] local.ERROR: Cannot redeclare classAckTestOpen() (previously declared in D:\wamp\www\lms\app\helpers.php:5) {"exception":"[object] (Symfony\\Component\\ErrorHandler\\Error\\FatalError(code: 0): Cannot redeclare classAckTestOpen() (previously declared in D:\\wamp\\www\\lms\\app\\helpers.php:5) at D:\\wamp\\www\\lms\\app\\helpers.php:5)
[stacktrace]
#0 {main}
"} 
[2023-12-08 12:43:17] local.ERROR: Cannot redeclare classAckTestOpen() (previously declared in D:\wamp\www\lms\app\helpers.php:5) {"exception":"[object] (Symfony\\Component\\ErrorHandler\\Error\\FatalError(code: 0): Cannot redeclare classAckTestOpen() (previously declared in D:\\wamp\\www\\lms\\app\\helpers.php:5) at D:\\wamp\\www\\lms\\app\\helpers.php:5)
[stacktrace]
#0 {main}
"} 
[2023-12-08 12:44:18] local.ERROR: Cannot redeclare classAckTestOpen() (previously declared in D:\wamp\www\lms\app\helpers.php:5) {"exception":"[object] (Symfony\\Component\\ErrorHandler\\Error\\FatalError(code: 0): Cannot redeclare classAckTestOpen() (previously declared in D:\\wamp\\www\\lms\\app\\helpers.php:5) at D:\\wamp\\www\\lms\\app\\helpers.php:5)
[stacktrace]
#0 {main}
"} 
[2023-12-08 12:45:17] local.ERROR: Cannot redeclare classAckTestOpen() (previously declared in D:\wamp\www\lms\app\helpers.php:5) {"exception":"[object] (Symfony\\Component\\ErrorHandler\\Error\\FatalError(code: 0): Cannot redeclare classAckTestOpen() (previously declared in D:\\wamp\\www\\lms\\app\\helpers.php:5) at D:\\wamp\\www\\lms\\app\\helpers.php:5)
[stacktrace]
#0 {main}
"} 
[2023-12-08 12:46:21] local.ERROR: Cannot redeclare classAckTestOpen() (previously declared in D:\wamp\www\lms\app\helpers.php:5) {"exception":"[object] (Symfony\\Component\\ErrorHandler\\Error\\FatalError(code: 0): Cannot redeclare classAckTestOpen() (previously declared in D:\\wamp\\www\\lms\\app\\helpers.php:5) at D:\\wamp\\www\\lms\\app\\helpers.php:5)
[stacktrace]
#0 {main}
"} 
[2023-12-08 12:47:17] local.ERROR: Cannot redeclare classAckTestOpen() (previously declared in D:\wamp\www\lms\app\helpers.php:5) {"exception":"[object] (Symfony\\Component\\ErrorHandler\\Error\\FatalError(code: 0): Cannot redeclare classAckTestOpen() (previously declared in D:\\wamp\\www\\lms\\app\\helpers.php:5) at D:\\wamp\\www\\lms\\app\\helpers.php:5)
[stacktrace]
#0 {main}
"} 
[2023-12-08 12:48:17] local.ERROR: Cannot redeclare classAckTestOpen() (previously declared in D:\wamp\www\lms\app\helpers.php:5) {"exception":"[object] (Symfony\\Component\\ErrorHandler\\Error\\FatalError(code: 0): Cannot redeclare classAckTestOpen() (previously declared in D:\\wamp\\www\\lms\\app\\helpers.php:5) at D:\\wamp\\www\\lms\\app\\helpers.php:5)
[stacktrace]
#0 {main}
"} 
[2023-12-08 12:49:21] local.ERROR: Cannot redeclare classAckTestOpen() (previously declared in D:\wamp\www\lms\app\helpers.php:5) {"exception":"[object] (Symfony\\Component\\ErrorHandler\\Error\\FatalError(code: 0): Cannot redeclare classAckTestOpen() (previously declared in D:\\wamp\\www\\lms\\app\\helpers.php:5) at D:\\wamp\\www\\lms\\app\\helpers.php:5)
[stacktrace]
#0 {main}
"} 
[2023-12-08 12:50:18] local.ERROR: Cannot redeclare classAckTestOpen() (previously declared in D:\wamp\www\lms\app\helpers.php:5) {"exception":"[object] (Symfony\\Component\\ErrorHandler\\Error\\FatalError(code: 0): Cannot redeclare classAckTestOpen() (previously declared in D:\\wamp\\www\\lms\\app\\helpers.php:5) at D:\\wamp\\www\\lms\\app\\helpers.php:5)
[stacktrace]
#0 {main}
"} 
[2023-12-08 12:51:17] local.ERROR: Cannot redeclare classAckTestOpen() (previously declared in D:\wamp\www\lms\app\helpers.php:5) {"exception":"[object] (Symfony\\Component\\ErrorHandler\\Error\\FatalError(code: 0): Cannot redeclare classAckTestOpen() (previously declared in D:\\wamp\\www\\lms\\app\\helpers.php:5) at D:\\wamp\\www\\lms\\app\\helpers.php:5)
[stacktrace]
#0 {main}
"} 
[2023-12-08 12:52:17] local.ERROR: Cannot redeclare classAckTestOpen() (previously declared in D:\wamp\www\lms\app\helpers.php:5) {"exception":"[object] (Symfony\\Component\\ErrorHandler\\Error\\FatalError(code: 0): Cannot redeclare classAckTestOpen() (previously declared in D:\\wamp\\www\\lms\\app\\helpers.php:5) at D:\\wamp\\www\\lms\\app\\helpers.php:5)
[stacktrace]
#0 {main}
"} 
[2023-12-08 12:53:17] local.ERROR: Cannot redeclare classAckTestOpen() (previously declared in D:\wamp\www\lms\app\helpers.php:5) {"exception":"[object] (Symfony\\Component\\ErrorHandler\\Error\\FatalError(code: 0): Cannot redeclare classAckTestOpen() (previously declared in D:\\wamp\\www\\lms\\app\\helpers.php:5) at D:\\wamp\\www\\lms\\app\\helpers.php:5)
[stacktrace]
#0 {main}
"} 
[2023-12-08 12:54:21] local.ERROR: Cannot redeclare classAckTestOpen() (previously declared in D:\wamp\www\lms\app\helpers.php:5) {"exception":"[object] (Symfony\\Component\\ErrorHandler\\Error\\FatalError(code: 0): Cannot redeclare classAckTestOpen() (previously declared in D:\\wamp\\www\\lms\\app\\helpers.php:5) at D:\\wamp\\www\\lms\\app\\helpers.php:5)
[stacktrace]
#0 {main}
"} 
[2023-12-08 12:55:17] local.ERROR: Cannot redeclare classAckTestOpen() (previously declared in D:\wamp\www\lms\app\helpers.php:5) {"exception":"[object] (Symfony\\Component\\ErrorHandler\\Error\\FatalError(code: 0): Cannot redeclare classAckTestOpen() (previously declared in D:\\wamp\\www\\lms\\app\\helpers.php:5) at D:\\wamp\\www\\lms\\app\\helpers.php:5)
[stacktrace]
#0 {main}
"} 
[2023-12-08 12:56:17] local.ERROR: Cannot redeclare classAckTestOpen() (previously declared in D:\wamp\www\lms\app\helpers.php:5) {"exception":"[object] (Symfony\\Component\\ErrorHandler\\Error\\FatalError(code: 0): Cannot redeclare classAckTestOpen() (previously declared in D:\\wamp\\www\\lms\\app\\helpers.php:5) at D:\\wamp\\www\\lms\\app\\helpers.php:5)
[stacktrace]
#0 {main}
"} 
[2023-12-08 12:57:21] local.ERROR: Cannot redeclare classAckTestOpen() (previously declared in D:\wamp\www\lms\app\helpers.php:5) {"exception":"[object] (Symfony\\Component\\ErrorHandler\\Error\\FatalError(code: 0): Cannot redeclare classAckTestOpen() (previously declared in D:\\wamp\\www\\lms\\app\\helpers.php:5) at D:\\wamp\\www\\lms\\app\\helpers.php:5)
[stacktrace]
#0 {main}
"} 
[2023-12-08 12:58:17] local.ERROR: Cannot redeclare classAckTestOpen() (previously declared in D:\wamp\www\lms\app\helpers.php:5) {"exception":"[object] (Symfony\\Component\\ErrorHandler\\Error\\FatalError(code: 0): Cannot redeclare classAckTestOpen() (previously declared in D:\\wamp\\www\\lms\\app\\helpers.php:5) at D:\\wamp\\www\\lms\\app\\helpers.php:5)
[stacktrace]
#0 {main}
"} 
[2023-12-08 12:59:17] local.ERROR: Cannot redeclare classAckTestOpen() (previously declared in D:\wamp\www\lms\app\helpers.php:5) {"exception":"[object] (Symfony\\Component\\ErrorHandler\\Error\\FatalError(code: 0): Cannot redeclare classAckTestOpen() (previously declared in D:\\wamp\\www\\lms\\app\\helpers.php:5) at D:\\wamp\\www\\lms\\app\\helpers.php:5)
[stacktrace]
#0 {main}
"} 
[2023-12-08 13:00:17] local.ERROR: Cannot redeclare classAckTestOpen() (previously declared in D:\wamp\www\lms\app\helpers.php:5) {"exception":"[object] (Symfony\\Component\\ErrorHandler\\Error\\FatalError(code: 0): Cannot redeclare classAckTestOpen() (previously declared in D:\\wamp\\www\\lms\\app\\helpers.php:5) at D:\\wamp\\www\\lms\\app\\helpers.php:5)
[stacktrace]
#0 {main}
"} 
[2023-12-08 13:01:17] local.ERROR: Cannot redeclare classAckTestOpen() (previously declared in D:\wamp\www\lms\app\helpers.php:5) {"exception":"[object] (Symfony\\Component\\ErrorHandler\\Error\\FatalError(code: 0): Cannot redeclare classAckTestOpen() (previously declared in D:\\wamp\\www\\lms\\app\\helpers.php:5) at D:\\wamp\\www\\lms\\app\\helpers.php:5)
[stacktrace]
#0 {main}
"} 
[2023-12-08 13:02:21] local.ERROR: Cannot redeclare classAckTestOpen() (previously declared in D:\wamp\www\lms\app\helpers.php:5) {"exception":"[object] (Symfony\\Component\\ErrorHandler\\Error\\FatalError(code: 0): Cannot redeclare classAckTestOpen() (previously declared in D:\\wamp\\www\\lms\\app\\helpers.php:5) at D:\\wamp\\www\\lms\\app\\helpers.php:5)
[stacktrace]
#0 {main}
"} 
[2023-12-08 13:03:17] local.ERROR: Cannot redeclare classAckTestOpen() (previously declared in D:\wamp\www\lms\app\helpers.php:5) {"exception":"[object] (Symfony\\Component\\ErrorHandler\\Error\\FatalError(code: 0): Cannot redeclare classAckTestOpen() (previously declared in D:\\wamp\\www\\lms\\app\\helpers.php:5) at D:\\wamp\\www\\lms\\app\\helpers.php:5)
[stacktrace]
#0 {main}
"} 
[2023-12-08 13:04:17] local.ERROR: Cannot redeclare classAckTestOpen() (previously declared in D:\wamp\www\lms\app\helpers.php:5) {"exception":"[object] (Symfony\\Component\\ErrorHandler\\Error\\FatalError(code: 0): Cannot redeclare classAckTestOpen() (previously declared in D:\\wamp\\www\\lms\\app\\helpers.php:5) at D:\\wamp\\www\\lms\\app\\helpers.php:5)
[stacktrace]
#0 {main}
"} 
[2023-12-08 13:05:20] local.ERROR: Cannot redeclare classAckTestOpen() (previously declared in D:\wamp\www\lms\app\helpers.php:5) {"exception":"[object] (Symfony\\Component\\ErrorHandler\\Error\\FatalError(code: 0): Cannot redeclare classAckTestOpen() (previously declared in D:\\wamp\\www\\lms\\app\\helpers.php:5) at D:\\wamp\\www\\lms\\app\\helpers.php:5)
[stacktrace]
#0 {main}
"} 
[2023-12-08 13:06:17] local.ERROR: Cannot redeclare classAckTestOpen() (previously declared in D:\wamp\www\lms\app\helpers.php:5) {"exception":"[object] (Symfony\\Component\\ErrorHandler\\Error\\FatalError(code: 0): Cannot redeclare classAckTestOpen() (previously declared in D:\\wamp\\www\\lms\\app\\helpers.php:5) at D:\\wamp\\www\\lms\\app\\helpers.php:5)
[stacktrace]
#0 {main}
"} 
[2023-12-08 13:07:17] local.ERROR: Cannot redeclare classAckTestOpen() (previously declared in D:\wamp\www\lms\app\helpers.php:5) {"exception":"[object] (Symfony\\Component\\ErrorHandler\\Error\\FatalError(code: 0): Cannot redeclare classAckTestOpen() (previously declared in D:\\wamp\\www\\lms\\app\\helpers.php:5) at D:\\wamp\\www\\lms\\app\\helpers.php:5)
[stacktrace]
#0 {main}
"} 
[2023-12-08 13:08:21] local.ERROR: Cannot redeclare classAckTestOpen() (previously declared in D:\wamp\www\lms\app\helpers.php:5) {"exception":"[object] (Symfony\\Component\\ErrorHandler\\Error\\FatalError(code: 0): Cannot redeclare classAckTestOpen() (previously declared in D:\\wamp\\www\\lms\\app\\helpers.php:5) at D:\\wamp\\www\\lms\\app\\helpers.php:5)
[stacktrace]
#0 {main}
"} 
[2023-12-08 13:09:17] local.ERROR: Cannot redeclare classAckTestOpen() (previously declared in D:\wamp\www\lms\app\helpers.php:5) {"exception":"[object] (Symfony\\Component\\ErrorHandler\\Error\\FatalError(code: 0): Cannot redeclare classAckTestOpen() (previously declared in D:\\wamp\\www\\lms\\app\\helpers.php:5) at D:\\wamp\\www\\lms\\app\\helpers.php:5)
[stacktrace]
#0 {main}
"} 
[2023-12-08 13:10:17] local.ERROR: Cannot redeclare classAckTestOpen() (previously declared in D:\wamp\www\lms\app\helpers.php:5) {"exception":"[object] (Symfony\\Component\\ErrorHandler\\Error\\FatalError(code: 0): Cannot redeclare classAckTestOpen() (previously declared in D:\\wamp\\www\\lms\\app\\helpers.php:5) at D:\\wamp\\www\\lms\\app\\helpers.php:5)
[stacktrace]
#0 {main}
"} 
[2023-12-08 13:11:22] local.ERROR: Cannot redeclare classAckTestOpen() (previously declared in D:\wamp\www\lms\app\helpers.php:5) {"exception":"[object] (Symfony\\Component\\ErrorHandler\\Error\\FatalError(code: 0): Cannot redeclare classAckTestOpen() (previously declared in D:\\wamp\\www\\lms\\app\\helpers.php:5) at D:\\wamp\\www\\lms\\app\\helpers.php:5)
[stacktrace]
#0 {main}
"} 
[2023-12-08 13:12:17] local.ERROR: Cannot redeclare classAckTestOpen() (previously declared in D:\wamp\www\lms\app\helpers.php:5) {"exception":"[object] (Symfony\\Component\\ErrorHandler\\Error\\FatalError(code: 0): Cannot redeclare classAckTestOpen() (previously declared in D:\\wamp\\www\\lms\\app\\helpers.php:5) at D:\\wamp\\www\\lms\\app\\helpers.php:5)
[stacktrace]
#0 {main}
"} 
[2023-12-08 13:13:17] local.ERROR: Cannot redeclare classAckTestOpen() (previously declared in D:\wamp\www\lms\app\helpers.php:5) {"exception":"[object] (Symfony\\Component\\ErrorHandler\\Error\\FatalError(code: 0): Cannot redeclare classAckTestOpen() (previously declared in D:\\wamp\\www\\lms\\app\\helpers.php:5) at D:\\wamp\\www\\lms\\app\\helpers.php:5)
[stacktrace]
#0 {main}
"} 
[2023-12-08 13:14:21] local.ERROR: Cannot redeclare classAckTestOpen() (previously declared in D:\wamp\www\lms\app\helpers.php:5) {"exception":"[object] (Symfony\\Component\\ErrorHandler\\Error\\FatalError(code: 0): Cannot redeclare classAckTestOpen() (previously declared in D:\\wamp\\www\\lms\\app\\helpers.php:5) at D:\\wamp\\www\\lms\\app\\helpers.php:5)
[stacktrace]
#0 {main}
"} 
[2023-12-08 13:15:17] local.ERROR: Cannot redeclare classAckTestOpen() (previously declared in D:\wamp\www\lms\app\helpers.php:5) {"exception":"[object] (Symfony\\Component\\ErrorHandler\\Error\\FatalError(code: 0): Cannot redeclare classAckTestOpen() (previously declared in D:\\wamp\\www\\lms\\app\\helpers.php:5) at D:\\wamp\\www\\lms\\app\\helpers.php:5)
[stacktrace]
#0 {main}
"} 
[2023-12-08 13:16:17] local.ERROR: Cannot redeclare classAckTestOpen() (previously declared in D:\wamp\www\lms\app\helpers.php:5) {"exception":"[object] (Symfony\\Component\\ErrorHandler\\Error\\FatalError(code: 0): Cannot redeclare classAckTestOpen() (previously declared in D:\\wamp\\www\\lms\\app\\helpers.php:5) at D:\\wamp\\www\\lms\\app\\helpers.php:5)
[stacktrace]
#0 {main}
"} 
[2023-12-08 13:17:20] local.ERROR: Cannot redeclare classAckTestOpen() (previously declared in D:\wamp\www\lms\app\helpers.php:5) {"exception":"[object] (Symfony\\Component\\ErrorHandler\\Error\\FatalError(code: 0): Cannot redeclare classAckTestOpen() (previously declared in D:\\wamp\\www\\lms\\app\\helpers.php:5) at D:\\wamp\\www\\lms\\app\\helpers.php:5)
[stacktrace]
#0 {main}
"} 
[2023-12-08 13:18:17] local.ERROR: Cannot redeclare classAckTestOpen() (previously declared in D:\wamp\www\lms\app\helpers.php:5) {"exception":"[object] (Symfony\\Component\\ErrorHandler\\Error\\FatalError(code: 0): Cannot redeclare classAckTestOpen() (previously declared in D:\\wamp\\www\\lms\\app\\helpers.php:5) at D:\\wamp\\www\\lms\\app\\helpers.php:5)
[stacktrace]
#0 {main}
"} 
[2023-12-08 13:19:17] local.ERROR: Cannot redeclare classAckTestOpen() (previously declared in D:\wamp\www\lms\app\helpers.php:5) {"exception":"[object] (Symfony\\Component\\ErrorHandler\\Error\\FatalError(code: 0): Cannot redeclare classAckTestOpen() (previously declared in D:\\wamp\\www\\lms\\app\\helpers.php:5) at D:\\wamp\\www\\lms\\app\\helpers.php:5)
[stacktrace]
#0 {main}
"} 
[2023-12-08 13:20:21] local.ERROR: Cannot redeclare classAckTestOpen() (previously declared in D:\wamp\www\lms\app\helpers.php:5) {"exception":"[object] (Symfony\\Component\\ErrorHandler\\Error\\FatalError(code: 0): Cannot redeclare classAckTestOpen() (previously declared in D:\\wamp\\www\\lms\\app\\helpers.php:5) at D:\\wamp\\www\\lms\\app\\helpers.php:5)
[stacktrace]
#0 {main}
"} 
[2023-12-08 13:21:17] local.ERROR: Cannot redeclare classAckTestOpen() (previously declared in D:\wamp\www\lms\app\helpers.php:5) {"exception":"[object] (Symfony\\Component\\ErrorHandler\\Error\\FatalError(code: 0): Cannot redeclare classAckTestOpen() (previously declared in D:\\wamp\\www\\lms\\app\\helpers.php:5) at D:\\wamp\\www\\lms\\app\\helpers.php:5)
[stacktrace]
#0 {main}
"} 
[2023-12-08 13:22:17] local.ERROR: Cannot redeclare classAckTestOpen() (previously declared in D:\wamp\www\lms\app\helpers.php:5) {"exception":"[object] (Symfony\\Component\\ErrorHandler\\Error\\FatalError(code: 0): Cannot redeclare classAckTestOpen() (previously declared in D:\\wamp\\www\\lms\\app\\helpers.php:5) at D:\\wamp\\www\\lms\\app\\helpers.php:5)
[stacktrace]
#0 {main}
"} 
[2023-12-08 13:23:21] local.ERROR: Cannot redeclare classAckTestOpen() (previously declared in D:\wamp\www\lms\app\helpers.php:5) {"exception":"[object] (Symfony\\Component\\ErrorHandler\\Error\\FatalError(code: 0): Cannot redeclare classAckTestOpen() (previously declared in D:\\wamp\\www\\lms\\app\\helpers.php:5) at D:\\wamp\\www\\lms\\app\\helpers.php:5)
[stacktrace]
#0 {main}
"} 
[2023-12-08 13:24:17] local.ERROR: Cannot redeclare classAckTestOpen() (previously declared in D:\wamp\www\lms\app\helpers.php:5) {"exception":"[object] (Symfony\\Component\\ErrorHandler\\Error\\FatalError(code: 0): Cannot redeclare classAckTestOpen() (previously declared in D:\\wamp\\www\\lms\\app\\helpers.php:5) at D:\\wamp\\www\\lms\\app\\helpers.php:5)
[stacktrace]
#0 {main}
"} 
[2023-12-08 13:25:17] local.ERROR: Cannot redeclare classAckTestOpen() (previously declared in D:\wamp\www\lms\app\helpers.php:5) {"exception":"[object] (Symfony\\Component\\ErrorHandler\\Error\\FatalError(code: 0): Cannot redeclare classAckTestOpen() (previously declared in D:\\wamp\\www\\lms\\app\\helpers.php:5) at D:\\wamp\\www\\lms\\app\\helpers.php:5)
[stacktrace]
#0 {main}
"} 
[2023-12-08 13:26:21] local.ERROR: Cannot redeclare classAckTestOpen() (previously declared in D:\wamp\www\lms\app\helpers.php:5) {"exception":"[object] (Symfony\\Component\\ErrorHandler\\Error\\FatalError(code: 0): Cannot redeclare classAckTestOpen() (previously declared in D:\\wamp\\www\\lms\\app\\helpers.php:5) at D:\\wamp\\www\\lms\\app\\helpers.php:5)
[stacktrace]
#0 {main}
"} 
[2023-12-08 13:27:18] local.ERROR: Cannot redeclare classAckTestOpen() (previously declared in D:\wamp\www\lms\app\helpers.php:5) {"exception":"[object] (Symfony\\Component\\ErrorHandler\\Error\\FatalError(code: 0): Cannot redeclare classAckTestOpen() (previously declared in D:\\wamp\\www\\lms\\app\\helpers.php:5) at D:\\wamp\\www\\lms\\app\\helpers.php:5)
[stacktrace]
#0 {main}
"} 
[2023-12-08 13:28:18] local.ERROR: Cannot redeclare classAckTestOpen() (previously declared in D:\wamp\www\lms\app\helpers.php:5) {"exception":"[object] (Symfony\\Component\\ErrorHandler\\Error\\FatalError(code: 0): Cannot redeclare classAckTestOpen() (previously declared in D:\\wamp\\www\\lms\\app\\helpers.php:5) at D:\\wamp\\www\\lms\\app\\helpers.php:5)
[stacktrace]
#0 {main}
"} 
[2023-12-08 13:29:21] local.ERROR: Cannot redeclare classAckTestOpen() (previously declared in D:\wamp\www\lms\app\helpers.php:5) {"exception":"[object] (Symfony\\Component\\ErrorHandler\\Error\\FatalError(code: 0): Cannot redeclare classAckTestOpen() (previously declared in D:\\wamp\\www\\lms\\app\\helpers.php:5) at D:\\wamp\\www\\lms\\app\\helpers.php:5)
[stacktrace]
#0 {main}
"} 
[2023-12-08 13:30:18] local.ERROR: Cannot redeclare classAckTestOpen() (previously declared in D:\wamp\www\lms\app\helpers.php:5) {"exception":"[object] (Symfony\\Component\\ErrorHandler\\Error\\FatalError(code: 0): Cannot redeclare classAckTestOpen() (previously declared in D:\\wamp\\www\\lms\\app\\helpers.php:5) at D:\\wamp\\www\\lms\\app\\helpers.php:5)
[stacktrace]
#0 {main}
"} 
[2023-12-08 13:31:18] local.ERROR: Cannot redeclare classAckTestOpen() (previously declared in D:\wamp\www\lms\app\helpers.php:5) {"exception":"[object] (Symfony\\Component\\ErrorHandler\\Error\\FatalError(code: 0): Cannot redeclare classAckTestOpen() (previously declared in D:\\wamp\\www\\lms\\app\\helpers.php:5) at D:\\wamp\\www\\lms\\app\\helpers.php:5)
[stacktrace]
#0 {main}
"} 
[2023-12-08 13:32:18] local.ERROR: Cannot redeclare classAckTestOpen() (previously declared in D:\wamp\www\lms\app\helpers.php:5) {"exception":"[object] (Symfony\\Component\\ErrorHandler\\Error\\FatalError(code: 0): Cannot redeclare classAckTestOpen() (previously declared in D:\\wamp\\www\\lms\\app\\helpers.php:5) at D:\\wamp\\www\\lms\\app\\helpers.php:5)
[stacktrace]
#0 {main}
"} 
[2023-12-08 13:33:18] local.ERROR: Cannot redeclare classAckTestOpen() (previously declared in D:\wamp\www\lms\app\helpers.php:5) {"exception":"[object] (Symfony\\Component\\ErrorHandler\\Error\\FatalError(code: 0): Cannot redeclare classAckTestOpen() (previously declared in D:\\wamp\\www\\lms\\app\\helpers.php:5) at D:\\wamp\\www\\lms\\app\\helpers.php:5)
[stacktrace]
#0 {main}
"} 
[2023-12-08 13:34:20] local.ERROR: Cannot redeclare classAckTestOpen() (previously declared in D:\wamp\www\lms\app\helpers.php:5) {"exception":"[object] (Symfony\\Component\\ErrorHandler\\Error\\FatalError(code: 0): Cannot redeclare classAckTestOpen() (previously declared in D:\\wamp\\www\\lms\\app\\helpers.php:5) at D:\\wamp\\www\\lms\\app\\helpers.php:5)
[stacktrace]
#0 {main}
"} 
[2023-12-08 13:35:19] local.ERROR: Cannot redeclare classAckTestOpen() (previously declared in D:\wamp\www\lms\app\helpers.php:5) {"exception":"[object] (Symfony\\Component\\ErrorHandler\\Error\\FatalError(code: 0): Cannot redeclare classAckTestOpen() (previously declared in D:\\wamp\\www\\lms\\app\\helpers.php:5) at D:\\wamp\\www\\lms\\app\\helpers.php:5)
[stacktrace]
#0 {main}
"} 
[2023-12-08 13:36:18] local.ERROR: Cannot redeclare classAckTestOpen() (previously declared in D:\wamp\www\lms\app\helpers.php:5) {"exception":"[object] (Symfony\\Component\\ErrorHandler\\Error\\FatalError(code: 0): Cannot redeclare classAckTestOpen() (previously declared in D:\\wamp\\www\\lms\\app\\helpers.php:5) at D:\\wamp\\www\\lms\\app\\helpers.php:5)
[stacktrace]
#0 {main}
"} 
[2023-12-08 13:37:21] local.ERROR: Cannot redeclare classAckTestOpen() (previously declared in D:\wamp\www\lms\app\helpers.php:5) {"exception":"[object] (Symfony\\Component\\ErrorHandler\\Error\\FatalError(code: 0): Cannot redeclare classAckTestOpen() (previously declared in D:\\wamp\\www\\lms\\app\\helpers.php:5) at D:\\wamp\\www\\lms\\app\\helpers.php:5)
[stacktrace]
#0 {main}
"} 
[2023-12-08 13:38:18] local.ERROR: Cannot redeclare classAckTestOpen() (previously declared in D:\wamp\www\lms\app\helpers.php:5) {"exception":"[object] (Symfony\\Component\\ErrorHandler\\Error\\FatalError(code: 0): Cannot redeclare classAckTestOpen() (previously declared in D:\\wamp\\www\\lms\\app\\helpers.php:5) at D:\\wamp\\www\\lms\\app\\helpers.php:5)
[stacktrace]
#0 {main}
"} 
[2023-12-08 13:39:18] local.ERROR: Cannot redeclare classAckTestOpen() (previously declared in D:\wamp\www\lms\app\helpers.php:5) {"exception":"[object] (Symfony\\Component\\ErrorHandler\\Error\\FatalError(code: 0): Cannot redeclare classAckTestOpen() (previously declared in D:\\wamp\\www\\lms\\app\\helpers.php:5) at D:\\wamp\\www\\lms\\app\\helpers.php:5)
[stacktrace]
#0 {main}
"} 
[2023-12-08 13:40:21] local.ERROR: Cannot redeclare classAckTestOpen() (previously declared in D:\wamp\www\lms\app\helpers.php:5) {"exception":"[object] (Symfony\\Component\\ErrorHandler\\Error\\FatalError(code: 0): Cannot redeclare classAckTestOpen() (previously declared in D:\\wamp\\www\\lms\\app\\helpers.php:5) at D:\\wamp\\www\\lms\\app\\helpers.php:5)
[stacktrace]
#0 {main}
"} 
[2023-12-08 13:41:18] local.ERROR: Cannot redeclare classAckTestOpen() (previously declared in D:\wamp\www\lms\app\helpers.php:5) {"exception":"[object] (Symfony\\Component\\ErrorHandler\\Error\\FatalError(code: 0): Cannot redeclare classAckTestOpen() (previously declared in D:\\wamp\\www\\lms\\app\\helpers.php:5) at D:\\wamp\\www\\lms\\app\\helpers.php:5)
[stacktrace]
#0 {main}
"} 
[2023-12-08 13:42:18] local.ERROR: Cannot redeclare classAckTestOpen() (previously declared in D:\wamp\www\lms\app\helpers.php:5) {"exception":"[object] (Symfony\\Component\\ErrorHandler\\Error\\FatalError(code: 0): Cannot redeclare classAckTestOpen() (previously declared in D:\\wamp\\www\\lms\\app\\helpers.php:5) at D:\\wamp\\www\\lms\\app\\helpers.php:5)
[stacktrace]
#0 {main}
"} 
[2023-12-08 13:43:22] local.ERROR: Cannot redeclare classAckTestOpen() (previously declared in D:\wamp\www\lms\app\helpers.php:5) {"exception":"[object] (Symfony\\Component\\ErrorHandler\\Error\\FatalError(code: 0): Cannot redeclare classAckTestOpen() (previously declared in D:\\wamp\\www\\lms\\app\\helpers.php:5) at D:\\wamp\\www\\lms\\app\\helpers.php:5)
[stacktrace]
#0 {main}
"} 
[2023-12-08 13:44:18] local.ERROR: Cannot redeclare classAckTestOpen() (previously declared in D:\wamp\www\lms\app\helpers.php:5) {"exception":"[object] (Symfony\\Component\\ErrorHandler\\Error\\FatalError(code: 0): Cannot redeclare classAckTestOpen() (previously declared in D:\\wamp\\www\\lms\\app\\helpers.php:5) at D:\\wamp\\www\\lms\\app\\helpers.php:5)
[stacktrace]
#0 {main}
"} 
[2023-12-08 13:45:18] local.ERROR: Cannot redeclare classAckTestOpen() (previously declared in D:\wamp\www\lms\app\helpers.php:5) {"exception":"[object] (Symfony\\Component\\ErrorHandler\\Error\\FatalError(code: 0): Cannot redeclare classAckTestOpen() (previously declared in D:\\wamp\\www\\lms\\app\\helpers.php:5) at D:\\wamp\\www\\lms\\app\\helpers.php:5)
[stacktrace]
#0 {main}
"} 
[2023-12-08 13:46:20] local.ERROR: Cannot redeclare classAckTestOpen() (previously declared in D:\wamp\www\lms\app\helpers.php:5) {"exception":"[object] (Symfony\\Component\\ErrorHandler\\Error\\FatalError(code: 0): Cannot redeclare classAckTestOpen() (previously declared in D:\\wamp\\www\\lms\\app\\helpers.php:5) at D:\\wamp\\www\\lms\\app\\helpers.php:5)
[stacktrace]
#0 {main}
"} 
[2023-12-08 13:47:18] local.ERROR: Cannot redeclare classAckTestOpen() (previously declared in D:\wamp\www\lms\app\helpers.php:5) {"exception":"[object] (Symfony\\Component\\ErrorHandler\\Error\\FatalError(code: 0): Cannot redeclare classAckTestOpen() (previously declared in D:\\wamp\\www\\lms\\app\\helpers.php:5) at D:\\wamp\\www\\lms\\app\\helpers.php:5)
[stacktrace]
#0 {main}
"} 
[2023-12-08 13:48:18] local.ERROR: Cannot redeclare classAckTestOpen() (previously declared in D:\wamp\www\lms\app\helpers.php:5) {"exception":"[object] (Symfony\\Component\\ErrorHandler\\Error\\FatalError(code: 0): Cannot redeclare classAckTestOpen() (previously declared in D:\\wamp\\www\\lms\\app\\helpers.php:5) at D:\\wamp\\www\\lms\\app\\helpers.php:5)
[stacktrace]
#0 {main}
"} 
[2023-12-08 13:49:21] local.ERROR: Cannot redeclare classAckTestOpen() (previously declared in D:\wamp\www\lms\app\helpers.php:5) {"exception":"[object] (Symfony\\Component\\ErrorHandler\\Error\\FatalError(code: 0): Cannot redeclare classAckTestOpen() (previously declared in D:\\wamp\\www\\lms\\app\\helpers.php:5) at D:\\wamp\\www\\lms\\app\\helpers.php:5)
[stacktrace]
#0 {main}
"} 
[2023-12-08 13:50:18] local.ERROR: Cannot redeclare classAckTestOpen() (previously declared in D:\wamp\www\lms\app\helpers.php:5) {"exception":"[object] (Symfony\\Component\\ErrorHandler\\Error\\FatalError(code: 0): Cannot redeclare classAckTestOpen() (previously declared in D:\\wamp\\www\\lms\\app\\helpers.php:5) at D:\\wamp\\www\\lms\\app\\helpers.php:5)
[stacktrace]
#0 {main}
"} 
[2023-12-08 13:51:18] local.ERROR: Cannot redeclare classAckTestOpen() (previously declared in D:\wamp\www\lms\app\helpers.php:5) {"exception":"[object] (Symfony\\Component\\ErrorHandler\\Error\\FatalError(code: 0): Cannot redeclare classAckTestOpen() (previously declared in D:\\wamp\\www\\lms\\app\\helpers.php:5) at D:\\wamp\\www\\lms\\app\\helpers.php:5)
[stacktrace]
#0 {main}
"} 
[2023-12-08 13:52:18] local.ERROR: Cannot redeclare classAckTestOpen() (previously declared in D:\wamp\www\lms\app\helpers.php:5) {"exception":"[object] (Symfony\\Component\\ErrorHandler\\Error\\FatalError(code: 0): Cannot redeclare classAckTestOpen() (previously declared in D:\\wamp\\www\\lms\\app\\helpers.php:5) at D:\\wamp\\www\\lms\\app\\helpers.php:5)
[stacktrace]
#0 {main}
"} 
[2023-12-08 13:53:18] local.ERROR: Cannot redeclare classAckTestOpen() (previously declared in D:\wamp\www\lms\app\helpers.php:5) {"exception":"[object] (Symfony\\Component\\ErrorHandler\\Error\\FatalError(code: 0): Cannot redeclare classAckTestOpen() (previously declared in D:\\wamp\\www\\lms\\app\\helpers.php:5) at D:\\wamp\\www\\lms\\app\\helpers.php:5)
[stacktrace]
#0 {main}
"} 
[2023-12-08 13:54:21] local.ERROR: Cannot redeclare classAckTestOpen() (previously declared in D:\wamp\www\lms\app\helpers.php:5) {"exception":"[object] (Symfony\\Component\\ErrorHandler\\Error\\FatalError(code: 0): Cannot redeclare classAckTestOpen() (previously declared in D:\\wamp\\www\\lms\\app\\helpers.php:5) at D:\\wamp\\www\\lms\\app\\helpers.php:5)
[stacktrace]
#0 {main}
"} 
[2023-12-08 13:55:18] local.ERROR: Cannot redeclare classAckTestOpen() (previously declared in D:\wamp\www\lms\app\helpers.php:5) {"exception":"[object] (Symfony\\Component\\ErrorHandler\\Error\\FatalError(code: 0): Cannot redeclare classAckTestOpen() (previously declared in D:\\wamp\\www\\lms\\app\\helpers.php:5) at D:\\wamp\\www\\lms\\app\\helpers.php:5)
[stacktrace]
#0 {main}
"} 
[2023-12-08 13:56:18] local.ERROR: Cannot redeclare classAckTestOpen() (previously declared in D:\wamp\www\lms\app\helpers.php:5) {"exception":"[object] (Symfony\\Component\\ErrorHandler\\Error\\FatalError(code: 0): Cannot redeclare classAckTestOpen() (previously declared in D:\\wamp\\www\\lms\\app\\helpers.php:5) at D:\\wamp\\www\\lms\\app\\helpers.php:5)
[stacktrace]
#0 {main}
"} 
[2023-12-08 13:57:21] local.ERROR: Cannot redeclare classAckTestOpen() (previously declared in D:\wamp\www\lms\app\helpers.php:5) {"exception":"[object] (Symfony\\Component\\ErrorHandler\\Error\\FatalError(code: 0): Cannot redeclare classAckTestOpen() (previously declared in D:\\wamp\\www\\lms\\app\\helpers.php:5) at D:\\wamp\\www\\lms\\app\\helpers.php:5)
[stacktrace]
#0 {main}
"} 
[2023-12-08 13:58:18] local.ERROR: Cannot redeclare classAckTestOpen() (previously declared in D:\wamp\www\lms\app\helpers.php:5) {"exception":"[object] (Symfony\\Component\\ErrorHandler\\Error\\FatalError(code: 0): Cannot redeclare classAckTestOpen() (previously declared in D:\\wamp\\www\\lms\\app\\helpers.php:5) at D:\\wamp\\www\\lms\\app\\helpers.php:5)
[stacktrace]
#0 {main}
"} 
[2023-12-08 13:59:18] local.ERROR: Cannot redeclare classAckTestOpen() (previously declared in D:\wamp\www\lms\app\helpers.php:5) {"exception":"[object] (Symfony\\Component\\ErrorHandler\\Error\\FatalError(code: 0): Cannot redeclare classAckTestOpen() (previously declared in D:\\wamp\\www\\lms\\app\\helpers.php:5) at D:\\wamp\\www\\lms\\app\\helpers.php:5)
[stacktrace]
#0 {main}
"} 
[2023-12-08 14:00:22] local.ERROR: Cannot redeclare classAckTestOpen() (previously declared in D:\wamp\www\lms\app\helpers.php:5) {"exception":"[object] (Symfony\\Component\\ErrorHandler\\Error\\FatalError(code: 0): Cannot redeclare classAckTestOpen() (previously declared in D:\\wamp\\www\\lms\\app\\helpers.php:5) at D:\\wamp\\www\\lms\\app\\helpers.php:5)
[stacktrace]
#0 {main}
"} 
[2023-12-08 14:01:18] local.ERROR: Cannot redeclare classAckTestOpen() (previously declared in D:\wamp\www\lms\app\helpers.php:5) {"exception":"[object] (Symfony\\Component\\ErrorHandler\\Error\\FatalError(code: 0): Cannot redeclare classAckTestOpen() (previously declared in D:\\wamp\\www\\lms\\app\\helpers.php:5) at D:\\wamp\\www\\lms\\app\\helpers.php:5)
[stacktrace]
#0 {main}
"} 
[2023-12-08 14:02:18] local.ERROR: Cannot redeclare classAckTestOpen() (previously declared in D:\wamp\www\lms\app\helpers.php:5) {"exception":"[object] (Symfony\\Component\\ErrorHandler\\Error\\FatalError(code: 0): Cannot redeclare classAckTestOpen() (previously declared in D:\\wamp\\www\\lms\\app\\helpers.php:5) at D:\\wamp\\www\\lms\\app\\helpers.php:5)
[stacktrace]
#0 {main}
"} 
[2023-12-08 14:03:23] local.ERROR: Cannot redeclare classAckTestOpen() (previously declared in D:\wamp\www\lms\app\helpers.php:5) {"exception":"[object] (Symfony\\Component\\ErrorHandler\\Error\\FatalError(code: 0): Cannot redeclare classAckTestOpen() (previously declared in D:\\wamp\\www\\lms\\app\\helpers.php:5) at D:\\wamp\\www\\lms\\app\\helpers.php:5)
[stacktrace]
#0 {main}
"} 
[2023-12-08 14:04:18] local.ERROR: Cannot redeclare classAckTestOpen() (previously declared in D:\wamp\www\lms\app\helpers.php:5) {"exception":"[object] (Symfony\\Component\\ErrorHandler\\Error\\FatalError(code: 0): Cannot redeclare classAckTestOpen() (previously declared in D:\\wamp\\www\\lms\\app\\helpers.php:5) at D:\\wamp\\www\\lms\\app\\helpers.php:5)
[stacktrace]
#0 {main}
"} 
[2023-12-08 14:05:18] local.ERROR: Cannot redeclare classAckTestOpen() (previously declared in D:\wamp\www\lms\app\helpers.php:5) {"exception":"[object] (Symfony\\Component\\ErrorHandler\\Error\\FatalError(code: 0): Cannot redeclare classAckTestOpen() (previously declared in D:\\wamp\\www\\lms\\app\\helpers.php:5) at D:\\wamp\\www\\lms\\app\\helpers.php:5)
[stacktrace]
#0 {main}
"} 
[2023-12-08 14:06:22] local.ERROR: Cannot redeclare classAckTestOpen() (previously declared in D:\wamp\www\lms\app\helpers.php:5) {"exception":"[object] (Symfony\\Component\\ErrorHandler\\Error\\FatalError(code: 0): Cannot redeclare classAckTestOpen() (previously declared in D:\\wamp\\www\\lms\\app\\helpers.php:5) at D:\\wamp\\www\\lms\\app\\helpers.php:5)
[stacktrace]
#0 {main}
"} 
[2023-12-08 14:07:18] local.ERROR: Cannot redeclare classAckTestOpen() (previously declared in D:\wamp\www\lms\app\helpers.php:5) {"exception":"[object] (Symfony\\Component\\ErrorHandler\\Error\\FatalError(code: 0): Cannot redeclare classAckTestOpen() (previously declared in D:\\wamp\\www\\lms\\app\\helpers.php:5) at D:\\wamp\\www\\lms\\app\\helpers.php:5)
[stacktrace]
#0 {main}
"} 
[2023-12-08 14:08:18] local.ERROR: Cannot redeclare classAckTestOpen() (previously declared in D:\wamp\www\lms\app\helpers.php:5) {"exception":"[object] (Symfony\\Component\\ErrorHandler\\Error\\FatalError(code: 0): Cannot redeclare classAckTestOpen() (previously declared in D:\\wamp\\www\\lms\\app\\helpers.php:5) at D:\\wamp\\www\\lms\\app\\helpers.php:5)
[stacktrace]
#0 {main}
"} 
[2023-12-08 14:09:22] local.ERROR: Cannot redeclare classAckTestOpen() (previously declared in D:\wamp\www\lms\app\helpers.php:5) {"exception":"[object] (Symfony\\Component\\ErrorHandler\\Error\\FatalError(code: 0): Cannot redeclare classAckTestOpen() (previously declared in D:\\wamp\\www\\lms\\app\\helpers.php:5) at D:\\wamp\\www\\lms\\app\\helpers.php:5)
[stacktrace]
#0 {main}
"} 
[2023-12-08 14:10:18] local.ERROR: Cannot redeclare classAckTestOpen() (previously declared in D:\wamp\www\lms\app\helpers.php:5) {"exception":"[object] (Symfony\\Component\\ErrorHandler\\Error\\FatalError(code: 0): Cannot redeclare classAckTestOpen() (previously declared in D:\\wamp\\www\\lms\\app\\helpers.php:5) at D:\\wamp\\www\\lms\\app\\helpers.php:5)
[stacktrace]
#0 {main}
"} 
[2023-12-08 14:11:18] local.ERROR: Cannot redeclare classAckTestOpen() (previously declared in D:\wamp\www\lms\app\helpers.php:5) {"exception":"[object] (Symfony\\Component\\ErrorHandler\\Error\\FatalError(code: 0): Cannot redeclare classAckTestOpen() (previously declared in D:\\wamp\\www\\lms\\app\\helpers.php:5) at D:\\wamp\\www\\lms\\app\\helpers.php:5)
[stacktrace]
#0 {main}
"} 
[2023-12-08 14:12:18] local.ERROR: Cannot redeclare classAckTestOpen() (previously declared in D:\wamp\www\lms\app\helpers.php:5) {"exception":"[object] (Symfony\\Component\\ErrorHandler\\Error\\FatalError(code: 0): Cannot redeclare classAckTestOpen() (previously declared in D:\\wamp\\www\\lms\\app\\helpers.php:5) at D:\\wamp\\www\\lms\\app\\helpers.php:5)
[stacktrace]
#0 {main}
"} 
[2023-12-08 14:13:18] local.ERROR: Cannot redeclare classAckTestOpen() (previously declared in D:\wamp\www\lms\app\helpers.php:5) {"exception":"[object] (Symfony\\Component\\ErrorHandler\\Error\\FatalError(code: 0): Cannot redeclare classAckTestOpen() (previously declared in D:\\wamp\\www\\lms\\app\\helpers.php:5) at D:\\wamp\\www\\lms\\app\\helpers.php:5)
[stacktrace]
#0 {main}
"} 
[2023-12-08 14:14:22] local.ERROR: Cannot redeclare classAckTestOpen() (previously declared in D:\wamp\www\lms\app\helpers.php:5) {"exception":"[object] (Symfony\\Component\\ErrorHandler\\Error\\FatalError(code: 0): Cannot redeclare classAckTestOpen() (previously declared in D:\\wamp\\www\\lms\\app\\helpers.php:5) at D:\\wamp\\www\\lms\\app\\helpers.php:5)
[stacktrace]
#0 {main}
"} 
[2023-12-08 14:15:18] local.ERROR: Cannot redeclare classAckTestOpen() (previously declared in D:\wamp\www\lms\app\helpers.php:5) {"exception":"[object] (Symfony\\Component\\ErrorHandler\\Error\\FatalError(code: 0): Cannot redeclare classAckTestOpen() (previously declared in D:\\wamp\\www\\lms\\app\\helpers.php:5) at D:\\wamp\\www\\lms\\app\\helpers.php:5)
[stacktrace]
#0 {main}
"} 
[2023-12-08 14:16:18] local.ERROR: Cannot redeclare classAckTestOpen() (previously declared in D:\wamp\www\lms\app\helpers.php:5) {"exception":"[object] (Symfony\\Component\\ErrorHandler\\Error\\FatalError(code: 0): Cannot redeclare classAckTestOpen() (previously declared in D:\\wamp\\www\\lms\\app\\helpers.php:5) at D:\\wamp\\www\\lms\\app\\helpers.php:5)
[stacktrace]
#0 {main}
"} 
[2023-12-08 14:17:22] local.ERROR: Cannot redeclare classAckTestOpen() (previously declared in D:\wamp\www\lms\app\helpers.php:5) {"exception":"[object] (Symfony\\Component\\ErrorHandler\\Error\\FatalError(code: 0): Cannot redeclare classAckTestOpen() (previously declared in D:\\wamp\\www\\lms\\app\\helpers.php:5) at D:\\wamp\\www\\lms\\app\\helpers.php:5)
[stacktrace]
#0 {main}
"} 
[2023-12-08 14:18:18] local.ERROR: Cannot redeclare classAckTestOpen() (previously declared in D:\wamp\www\lms\app\helpers.php:5) {"exception":"[object] (Symfony\\Component\\ErrorHandler\\Error\\FatalError(code: 0): Cannot redeclare classAckTestOpen() (previously declared in D:\\wamp\\www\\lms\\app\\helpers.php:5) at D:\\wamp\\www\\lms\\app\\helpers.php:5)
[stacktrace]
#0 {main}
"} 
[2023-12-08 14:19:18] local.ERROR: Cannot redeclare classAckTestOpen() (previously declared in D:\wamp\www\lms\app\helpers.php:5) {"exception":"[object] (Symfony\\Component\\ErrorHandler\\Error\\FatalError(code: 0): Cannot redeclare classAckTestOpen() (previously declared in D:\\wamp\\www\\lms\\app\\helpers.php:5) at D:\\wamp\\www\\lms\\app\\helpers.php:5)
[stacktrace]
#0 {main}
"} 
[2023-12-08 14:20:22] local.ERROR: Cannot redeclare classAckTestOpen() (previously declared in D:\wamp\www\lms\app\helpers.php:5) {"exception":"[object] (Symfony\\Component\\ErrorHandler\\Error\\FatalError(code: 0): Cannot redeclare classAckTestOpen() (previously declared in D:\\wamp\\www\\lms\\app\\helpers.php:5) at D:\\wamp\\www\\lms\\app\\helpers.php:5)
[stacktrace]
#0 {main}
"} 
[2023-12-08 14:21:18] local.ERROR: Cannot redeclare classAckTestOpen() (previously declared in D:\wamp\www\lms\app\helpers.php:5) {"exception":"[object] (Symfony\\Component\\ErrorHandler\\Error\\FatalError(code: 0): Cannot redeclare classAckTestOpen() (previously declared in D:\\wamp\\www\\lms\\app\\helpers.php:5) at D:\\wamp\\www\\lms\\app\\helpers.php:5)
[stacktrace]
#0 {main}
"} 
[2023-12-08 14:22:18] local.ERROR: Cannot redeclare classAckTestOpen() (previously declared in D:\wamp\www\lms\app\helpers.php:5) {"exception":"[object] (Symfony\\Component\\ErrorHandler\\Error\\FatalError(code: 0): Cannot redeclare classAckTestOpen() (previously declared in D:\\wamp\\www\\lms\\app\\helpers.php:5) at D:\\wamp\\www\\lms\\app\\helpers.php:5)
[stacktrace]
#0 {main}
"} 
[2023-12-08 14:23:22] local.ERROR: Cannot redeclare classAckTestOpen() (previously declared in D:\wamp\www\lms\app\helpers.php:5) {"exception":"[object] (Symfony\\Component\\ErrorHandler\\Error\\FatalError(code: 0): Cannot redeclare classAckTestOpen() (previously declared in D:\\wamp\\www\\lms\\app\\helpers.php:5) at D:\\wamp\\www\\lms\\app\\helpers.php:5)
[stacktrace]
#0 {main}
"} 
[2023-12-08 14:24:18] local.ERROR: Cannot redeclare classAckTestOpen() (previously declared in D:\wamp\www\lms\app\helpers.php:5) {"exception":"[object] (Symfony\\Component\\ErrorHandler\\Error\\FatalError(code: 0): Cannot redeclare classAckTestOpen() (previously declared in D:\\wamp\\www\\lms\\app\\helpers.php:5) at D:\\wamp\\www\\lms\\app\\helpers.php:5)
[stacktrace]
#0 {main}
"} 
[2023-12-08 14:25:18] local.ERROR: Cannot redeclare classAckTestOpen() (previously declared in D:\wamp\www\lms\app\helpers.php:5) {"exception":"[object] (Symfony\\Component\\ErrorHandler\\Error\\FatalError(code: 0): Cannot redeclare classAckTestOpen() (previously declared in D:\\wamp\\www\\lms\\app\\helpers.php:5) at D:\\wamp\\www\\lms\\app\\helpers.php:5)
[stacktrace]
#0 {main}
"} 
[2023-12-08 14:26:22] local.ERROR: Cannot redeclare classAckTestOpen() (previously declared in D:\wamp\www\lms\app\helpers.php:5) {"exception":"[object] (Symfony\\Component\\ErrorHandler\\Error\\FatalError(code: 0): Cannot redeclare classAckTestOpen() (previously declared in D:\\wamp\\www\\lms\\app\\helpers.php:5) at D:\\wamp\\www\\lms\\app\\helpers.php:5)
[stacktrace]
#0 {main}
"} 
[2023-12-08 14:27:18] local.ERROR: Cannot redeclare classAckTestOpen() (previously declared in D:\wamp\www\lms\app\helpers.php:5) {"exception":"[object] (Symfony\\Component\\ErrorHandler\\Error\\FatalError(code: 0): Cannot redeclare classAckTestOpen() (previously declared in D:\\wamp\\www\\lms\\app\\helpers.php:5) at D:\\wamp\\www\\lms\\app\\helpers.php:5)
[stacktrace]
#0 {main}
"} 
[2023-12-08 14:28:19] local.ERROR: Cannot redeclare classAckTestOpen() (previously declared in D:\wamp\www\lms\app\helpers.php:5) {"exception":"[object] (Symfony\\Component\\ErrorHandler\\Error\\FatalError(code: 0): Cannot redeclare classAckTestOpen() (previously declared in D:\\wamp\\www\\lms\\app\\helpers.php:5) at D:\\wamp\\www\\lms\\app\\helpers.php:5)
[stacktrace]
#0 {main}
"} 
[2023-12-08 14:29:21] local.ERROR: Cannot redeclare classAckTestOpen() (previously declared in D:\wamp\www\lms\app\helpers.php:5) {"exception":"[object] (Symfony\\Component\\ErrorHandler\\Error\\FatalError(code: 0): Cannot redeclare classAckTestOpen() (previously declared in D:\\wamp\\www\\lms\\app\\helpers.php:5) at D:\\wamp\\www\\lms\\app\\helpers.php:5)
[stacktrace]
#0 {main}
"} 
[2023-12-08 14:30:18] local.ERROR: Cannot redeclare classAckTestOpen() (previously declared in D:\wamp\www\lms\app\helpers.php:5) {"exception":"[object] (Symfony\\Component\\ErrorHandler\\Error\\FatalError(code: 0): Cannot redeclare classAckTestOpen() (previously declared in D:\\wamp\\www\\lms\\app\\helpers.php:5) at D:\\wamp\\www\\lms\\app\\helpers.php:5)
[stacktrace]
#0 {main}
"} 
[2023-12-08 14:31:18] local.ERROR: Cannot redeclare classAckTestOpen() (previously declared in D:\wamp\www\lms\app\helpers.php:5) {"exception":"[object] (Symfony\\Component\\ErrorHandler\\Error\\FatalError(code: 0): Cannot redeclare classAckTestOpen() (previously declared in D:\\wamp\\www\\lms\\app\\helpers.php:5) at D:\\wamp\\www\\lms\\app\\helpers.php:5)
[stacktrace]
#0 {main}
"} 
[2023-12-08 14:32:18] local.ERROR: Cannot redeclare classAckTestOpen() (previously declared in D:\wamp\www\lms\app\helpers.php:5) {"exception":"[object] (Symfony\\Component\\ErrorHandler\\Error\\FatalError(code: 0): Cannot redeclare classAckTestOpen() (previously declared in D:\\wamp\\www\\lms\\app\\helpers.php:5) at D:\\wamp\\www\\lms\\app\\helpers.php:5)
[stacktrace]
#0 {main}
"} 
[2023-12-08 14:33:18] local.ERROR: Cannot redeclare classAckTestOpen() (previously declared in D:\wamp\www\lms\app\helpers.php:5) {"exception":"[object] (Symfony\\Component\\ErrorHandler\\Error\\FatalError(code: 0): Cannot redeclare classAckTestOpen() (previously declared in D:\\wamp\\www\\lms\\app\\helpers.php:5) at D:\\wamp\\www\\lms\\app\\helpers.php:5)
[stacktrace]
#0 {main}
"} 
[2023-12-08 14:34:22] local.ERROR: Cannot redeclare classAckTestOpen() (previously declared in D:\wamp\www\lms\app\helpers.php:5) {"exception":"[object] (Symfony\\Component\\ErrorHandler\\Error\\FatalError(code: 0): Cannot redeclare classAckTestOpen() (previously declared in D:\\wamp\\www\\lms\\app\\helpers.php:5) at D:\\wamp\\www\\lms\\app\\helpers.php:5)
[stacktrace]
#0 {main}
"} 
[2023-12-08 14:35:18] local.ERROR: Cannot redeclare classAckTestOpen() (previously declared in D:\wamp\www\lms\app\helpers.php:5) {"exception":"[object] (Symfony\\Component\\ErrorHandler\\Error\\FatalError(code: 0): Cannot redeclare classAckTestOpen() (previously declared in D:\\wamp\\www\\lms\\app\\helpers.php:5) at D:\\wamp\\www\\lms\\app\\helpers.php:5)
[stacktrace]
#0 {main}
"} 
[2023-12-08 14:36:18] local.ERROR: Cannot redeclare classAckTestOpen() (previously declared in D:\wamp\www\lms\app\helpers.php:5) {"exception":"[object] (Symfony\\Component\\ErrorHandler\\Error\\FatalError(code: 0): Cannot redeclare classAckTestOpen() (previously declared in D:\\wamp\\www\\lms\\app\\helpers.php:5) at D:\\wamp\\www\\lms\\app\\helpers.php:5)
[stacktrace]
#0 {main}
"} 
[2023-12-08 14:37:23] local.ERROR: Cannot redeclare classAckTestOpen() (previously declared in D:\wamp\www\lms\app\helpers.php:5) {"exception":"[object] (Symfony\\Component\\ErrorHandler\\Error\\FatalError(code: 0): Cannot redeclare classAckTestOpen() (previously declared in D:\\wamp\\www\\lms\\app\\helpers.php:5) at D:\\wamp\\www\\lms\\app\\helpers.php:5)
[stacktrace]
#0 {main}
"} 
[2023-12-08 14:38:18] local.ERROR: Cannot redeclare classAckTestOpen() (previously declared in D:\wamp\www\lms\app\helpers.php:5) {"exception":"[object] (Symfony\\Component\\ErrorHandler\\Error\\FatalError(code: 0): Cannot redeclare classAckTestOpen() (previously declared in D:\\wamp\\www\\lms\\app\\helpers.php:5) at D:\\wamp\\www\\lms\\app\\helpers.php:5)
[stacktrace]
#0 {main}
"} 
[2023-12-08 14:39:18] local.ERROR: Cannot redeclare classAckTestOpen() (previously declared in D:\wamp\www\lms\app\helpers.php:5) {"exception":"[object] (Symfony\\Component\\ErrorHandler\\Error\\FatalError(code: 0): Cannot redeclare classAckTestOpen() (previously declared in D:\\wamp\\www\\lms\\app\\helpers.php:5) at D:\\wamp\\www\\lms\\app\\helpers.php:5)
[stacktrace]
#0 {main}
"} 
[2023-12-08 14:40:21] local.ERROR: Cannot redeclare classAckTestOpen() (previously declared in D:\wamp\www\lms\app\helpers.php:5) {"exception":"[object] (Symfony\\Component\\ErrorHandler\\Error\\FatalError(code: 0): Cannot redeclare classAckTestOpen() (previously declared in D:\\wamp\\www\\lms\\app\\helpers.php:5) at D:\\wamp\\www\\lms\\app\\helpers.php:5)
[stacktrace]
#0 {main}
"} 
[2023-12-08 14:41:18] local.ERROR: Cannot redeclare classAckTestOpen() (previously declared in D:\wamp\www\lms\app\helpers.php:5) {"exception":"[object] (Symfony\\Component\\ErrorHandler\\Error\\FatalError(code: 0): Cannot redeclare classAckTestOpen() (previously declared in D:\\wamp\\www\\lms\\app\\helpers.php:5) at D:\\wamp\\www\\lms\\app\\helpers.php:5)
[stacktrace]
#0 {main}
"} 
[2023-12-08 14:42:18] local.ERROR: Cannot redeclare classAckTestOpen() (previously declared in D:\wamp\www\lms\app\helpers.php:5) {"exception":"[object] (Symfony\\Component\\ErrorHandler\\Error\\FatalError(code: 0): Cannot redeclare classAckTestOpen() (previously declared in D:\\wamp\\www\\lms\\app\\helpers.php:5) at D:\\wamp\\www\\lms\\app\\helpers.php:5)
[stacktrace]
#0 {main}
"} 
[2023-12-08 14:43:22] local.ERROR: Cannot redeclare classAckTestOpen() (previously declared in D:\wamp\www\lms\app\helpers.php:5) {"exception":"[object] (Symfony\\Component\\ErrorHandler\\Error\\FatalError(code: 0): Cannot redeclare classAckTestOpen() (previously declared in D:\\wamp\\www\\lms\\app\\helpers.php:5) at D:\\wamp\\www\\lms\\app\\helpers.php:5)
[stacktrace]
#0 {main}
"} 
[2023-12-08 14:44:18] local.ERROR: Cannot redeclare classAckTestOpen() (previously declared in D:\wamp\www\lms\app\helpers.php:5) {"exception":"[object] (Symfony\\Component\\ErrorHandler\\Error\\FatalError(code: 0): Cannot redeclare classAckTestOpen() (previously declared in D:\\wamp\\www\\lms\\app\\helpers.php:5) at D:\\wamp\\www\\lms\\app\\helpers.php:5)
[stacktrace]
#0 {main}
"} 
[2023-12-08 14:45:18] local.ERROR: Cannot redeclare classAckTestOpen() (previously declared in D:\wamp\www\lms\app\helpers.php:5) {"exception":"[object] (Symfony\\Component\\ErrorHandler\\Error\\FatalError(code: 0): Cannot redeclare classAckTestOpen() (previously declared in D:\\wamp\\www\\lms\\app\\helpers.php:5) at D:\\wamp\\www\\lms\\app\\helpers.php:5)
[stacktrace]
#0 {main}
"} 
